[2021-12-25 09:53:40]	[done]
	build successfully !

[2021-12-25 09:56:36]	[done]
	build successfully !

[2021-12-25 10:00:25]	compilation failed at : "e:\CanDelete\WCH_8051_projs\1-3-SDCC_Blink\Blink\examples\blink\main.c", exit code: 1
  at unify_builder.Program.Main (System.String[] args) [0x015af] in <0f7354d16e5d4dfcb9170e5e75cdfffa>:0 
---
In file included from .\examples\blink\main.c:4:
./peripheral_lib/include/debug.h:16:20: fatal error: absacc.h: No such file or directory
compilation terminated.

[2021-12-25 10:04:01]	compilation failed at : "e:\CanDelete\WCH_8051_projs\1-3-SDCC_Blink\Blink\examples\blink\main.c", exit code: 1
  at unify_builder.Program.Main (System.String[] args) [0x015af] in <0f7354d16e5d4dfcb9170e5e75cdfffa>:0 
---
In file included from ./peripheral_lib/include/debug.h:20,
                 from .\examples\blink\main.c:4:
./peripheral_lib/include/CH557X.H:420:1: warning: "bTXD1_" redefined
In file included from .\examples\blink\main.c:3:
./peripheral_lib/include/ch554.h:256:1: error: this is the location of the previous definition
In file included from ./peripheral_lib/include/debug.h:20,
                 from .\examples\blink\main.c:4:
./peripheral_lib/include/CH557X.H:421:1: warning: "bRXD1_" redefined
In file included from .\examples\blink\main.c:3:
./peripheral_lib/include/ch554.h:253:1: error: this is the location of the previous definition
In file included from ./peripheral_lib/include/debug.h:20,
                 from .\examples\blink\main.c:4:
./peripheral_lib/include/CH557X.H:436:1: warning: "bAIN3" redefined
In file included from .\examples\blink\main.c:3:
./peripheral_lib/include/ch554.h:259:1: error: this is the location of the previous definition
In file included from ./peripheral_lib/include/debug.h:20,
                 from .\examples\blink\main.c:4:
./peripheral_lib/include/CH557X.H:437:1: warning: "bAIN2" redefined
In file included from .\examples\blink\main.c:3:
./peripheral_lib/include/ch554.h:216:1: error: this is the location of the previous definition
In file included from ./peripheral_lib/include/debug.h:20,
                 from .\examples\blink\main.c:4:
./peripheral_lib/include/CH557X.H:438:1: warning: "bAIN1" redefined
In file included from .\examples\blink\main.c:3:
./peripheral_lib/include/ch554.h:221:1: error: this is the location of the previous definition
In file included from ./peripheral_lib/include/debug.h:20,
                 from .\examples\blink\main.c:4:
./peripheral_lib/include/CH557X.H:439:1: warning: "bAIN0" redefined
In file included from .\examples\blink\main.c:3:
./peripheral_lib/include/ch554.h:227:1: error: this is the location of the previous definition
In file included from ./peripheral_lib/include/debug.h:20,
                 from .\examples\blink\main.c:4:
./peripheral_lib/include/CH557X.H:466:1: warning: "bT2EX_" redefined
In file included from .\examples\blink\main.c:3:
./peripheral_lib/include/ch554.h:76:1: error: this is the location of the previous definition
In file included from ./peripheral_lib/include/debug.h:20,
                 from .\examples\blink\main.c:4:
./peripheral_lib/include/CH557X.H:467:1: warning: "bCAP2_" redefined
In file included from .\examples\blink\main.c:3:
./peripheral_lib/include/ch554.h:77:1: error: this is the location of the previous definition
In file included from ./peripheral_lib/include/debug.h:20,
                 from .\examples\blink\main.c:4:
./peripheral_lib/include/CH557X.H:472:1: warning: "bPWM1" redefined
In file included from .\examples\blink\main.c:3:
./peripheral_lib/include/ch554.h:214:1: error: this is the location of the previous definition
In file included from ./peripheral_lib/include/debug.h:20,
                 from .\examples\blink\main.c:4:
./peripheral_lib/include/CH557X.H:473:1: warning: "bPWM2" redefined
In file included from .\examples\blink\main.c:3:
./peripheral_lib/include/ch554.h:252:1: error: this is the location of the previous definition
In file included from ./peripheral_lib/include/debug.h:20,
                 from .\examples\blink\main.c:4:
./peripheral_lib/include/CH557X.H:572:1: warning: "bRST" redefined
In file included from .\examples\blink\main.c:3:
./peripheral_lib/include/ch554.h:75:1: error: this is the location of the previous definition
In file included from ./peripheral_lib/include/debug.h:20,
                 from .\examples\blink\main.c:4:
./peripheral_lib/include/CH557X.H:599:1: warning: "bPWM1_PIN_X" redefined
In file included from .\examples\blink\main.c:3:
./peripheral_lib/include/ch554.h:270:1: error: this is the location of the previous definition
In file included from ./peripheral_lib/include/debug.h:20,
                 from .\examples\blink\main.c:4:
./peripheral_lib/include/CH557X.H:603:1: warning: "bIO_INT_ACT" redefined
In file included from .\examples\blink\main.c:3:
./peripheral_lib/include/ch554.h:266:1: error: this is the location of the previous definition
In file included from ./peripheral_lib/include/debug.h:20,
                 from .\examples\blink\main.c:4:
./peripheral_lib/include/CH557X.H:726:1: warning: "bPWM1_POLAR" redefined
In file included from .\examples\blink\main.c:3:
./peripheral_lib/include/ch554.h:376:1: error: this is the location of the previous definition
In file included from ./peripheral_lib/include/debug.h:20,
                 from .\examples\blink\main.c:4:
./peripheral_lib/include/CH557X.H:729:1: warning: "bPWM1_OUT_EN" redefined
In file included from .\examples\blink\main.c:3:
./peripheral_lib/include/ch554.h:379:1: error: this is the location of the previous definition
In file included from ./peripheral_lib/include/debug.h:20,
                 from .\examples\blink\main.c:4:
./peripheral_lib/include/CH557X.H:742:1: warning: "bPWM2_OUT_EN" redefined
In file included from .\examples\blink\main.c:3:
./peripheral_lib/include/ch554.h:378:1: error: this is the location of the previous definition
In file included from ./peripheral_lib/include/debug.h:20,
                 from .\examples\blink\main.c:4:
./peripheral_lib/include/CH557X.H:1286:1: warning: "XDATA_RAM_SIZE" redefined
In file included from .\examples\blink\main.c:3:
./peripheral_lib/include/ch554.h:690:1: error: this is the location of the previous definition
In file included from ./peripheral_lib/include/debug.h:20,
                 from .\examples\blink\main.c:4:
./peripheral_lib/include/CH557X.H:1321:1: warning: "DATA_FLASH_ADDR" redefined
In file included from .\examples\blink\main.c:3:
./peripheral_lib/include/ch554.h:726:1: error: this is the location of the previous definition
In file included from ./peripheral_lib/include/debug.h:20,
                 from .\examples\blink\main.c:4:
./peripheral_lib/include/CH557X.H:1322:1: warning: "BOOT_LOAD_ADDR" redefined
In file included from .\examples\blink\main.c:3:
./peripheral_lib/include/ch554.h:727:1: error: this is the location of the previous definition
In file included from ./peripheral_lib/include/debug.h:20,
                 from .\examples\blink\main.c:4:
./peripheral_lib/include/CH557X.H:1323:1: warning: "ROM_CFG_ADDR" redefined
In file included from .\examples\blink\main.c:3:
./peripheral_lib/include/ch554.h:728:1: error: this is the location of the previous definition
In file included from ./peripheral_lib/include/debug.h:20,
                 from .\examples\blink\main.c:4:
./peripheral_lib/include/CH557X.H:1324:1: warning: "ROM_CHIP_ID_LO" redefined
In file included from .\examples\blink\main.c:3:
./peripheral_lib/include/ch554.h:730:1: error: this is the location of the previous definition
In file included from ./peripheral_lib/include/debug.h:20,
                 from .\examples\blink\main.c:4:
./peripheral_lib/include/CH557X.H:1325:1: warning: "ROM_CHIP_ID_HI" redefined
In file included from .\examples\blink\main.c:3:
./peripheral_lib/include/ch554.h:731:1: error: this is the location of the previous definition
./peripheral_lib/include/CH557X.H:311: error 0: Duplicate symbol 'GPIO_IE', symbol IGNORED
./peripheral_lib/include/ch554.h:148: error 177: previously defined here
./peripheral_lib/include/CH557X.H:364: error 0: Duplicate symbol 'TXD_', symbol IGNORED
./peripheral_lib/include/ch554.h:192: error 177: previously defined here
./peripheral_lib/include/CH557X.H:365: error 0: Duplicate symbol 'RXD_', symbol IGNORED
./peripheral_lib/include/ch554.h:193: error 177: previously defined here
./peripheral_lib/include/CH557X.H:393: error 0: Duplicate symbol 'TXD1_', symbol IGNORED
./peripheral_lib/include/ch554.h:239: error 177: previously defined here
./peripheral_lib/include/CH557X.H:394: error 0: Duplicate symbol 'RXD1_', symbol IGNORED
./peripheral_lib/include/ch554.h:236: error 177: previously defined here
./peripheral_lib/include/CH557X.H:409: error 0: Duplicate symbol 'AIN3', symbol IGNORED
./peripheral_lib/include/ch554.h:242: error 177: previously defined here
./peripheral_lib/include/CH557X.H:410: error 0: Duplicate symbol 'AIN2', symbol IGNORED
./peripheral_lib/include/ch554.h:185: error 177: previously defined here
./peripheral_lib/include/CH557X.H:411: error 0: Duplicate symbol 'AIN1', symbol IGNORED
./peripheral_lib/include/ch554.h:191: error 177: previously defined here
./peripheral_lib/include/CH557X.H:412: error 0: Duplicate symbol 'AIN0', symbol IGNORED
./peripheral_lib/include/ch554.h:198: error 177: previously defined here
./peripheral_lib/include/CH557X.H:449: error 0: Duplicate symbol 'TXD1', symbol IGNORED
./peripheral_lib/include/ch554.h:176: error 177: previously defined here
./peripheral_lib/include/CH557X.H:450: error 0: Duplicate symbol 'RXD1', symbol IGNORED
./peripheral_lib/include/ch554.h:179: error 177: previously defined here
./peripheral_lib/include/CH557X.H:453: error 0: Duplicate symbol 'T2_', symbol IGNORED
./peripheral_lib/include/ch554.h:186: error 177: previously defined here
./peripheral_lib/include/CH557X.H:454: error 0: Duplicate symbol 'CAP1_', symbol IGNORED
./peripheral_lib/include/ch554.h:187: error 177: previously defined here
./peripheral_lib/include/CH557X.H:457: error 0: Duplicate symbol 'PWM1', symbol IGNORED
./peripheral_lib/include/ch554.h:182: error 177: previously defined here
./peripheral_lib/include/CH557X.H:458: error 0: Duplicate symbol 'PWM2', symbol IGNORED
./peripheral_lib/include/ch554.h:235: error 177: previously defined here
./peripheral_lib/include/CH557X.H:721: error 0: Duplicate symbol 'PWM_DATA2', symbol IGNORED
./peripheral_lib/include/ch554.h:371: error 177: previously defined here
./peripheral_lib/include/CH557X.H:722: error 0: Duplicate symbol 'PWM_DATA1', symbol IGNORED
./peripheral_lib/include/ch554.h:372: error 177: previously defined here
./peripheral_lib/include/CH557X.H:779: error 0: Duplicate symbol 'SCON1', symbol IGNORED
./peripheral_lib/include/ch554.h:415: error 177: previously defined here
./peripheral_lib/include/CH557X.H:788: error 0: Duplicate symbol 'SBUF1', symbol IGNORED
./peripheral_lib/include/ch554.h:423: error 177: previously defined here
./peripheral_lib/include/CH557X.H:789: error 0: Duplicate symbol 'SBAUD1', symbol IGNORED
./peripheral_lib/include/ch554.h:424: error 177: previously defined here
./peripheral_lib/include/CH557X.H:810: error 0: Duplicate symbol 'ADC_CTRL', symbol IGNORED
./peripheral_lib/include/ch554.h:427: error 177: previously defined here

[2021-12-25 10:04:21]	compilation failed at : "e:\CanDelete\WCH_8051_projs\1-3-SDCC_Blink\Blink\examples\blink\main.c", exit code: 1
  at unify_builder.Program.Main (System.String[] args) [0x015af] in <0f7354d16e5d4dfcb9170e5e75cdfffa>:0 
---
In file included from ./peripheral_lib/include/debug.h:20,
                 from .\examples\blink\main.c:4:
./peripheral_lib/include/CH557X.H:420:1: warning: "bTXD1_" redefined
In file included from .\examples\blink\main.c:3:
./peripheral_lib/include/ch554.h:256:1: error: this is the location of the previous definition
In file included from ./peripheral_lib/include/debug.h:20,
                 from .\examples\blink\main.c:4:
./peripheral_lib/include/CH557X.H:421:1: warning: "bRXD1_" redefined
In file included from .\examples\blink\main.c:3:
./peripheral_lib/include/ch554.h:253:1: error: this is the location of the previous definition
In file included from ./peripheral_lib/include/debug.h:20,
                 from .\examples\blink\main.c:4:
./peripheral_lib/include/CH557X.H:436:1: warning: "bAIN3" redefined
In file included from .\examples\blink\main.c:3:
./peripheral_lib/include/ch554.h:259:1: error: this is the location of the previous definition
In file included from ./peripheral_lib/include/debug.h:20,
                 from .\examples\blink\main.c:4:
./peripheral_lib/include/CH557X.H:437:1: warning: "bAIN2" redefined
In file included from .\examples\blink\main.c:3:
./peripheral_lib/include/ch554.h:216:1: error: this is the location of the previous definition
In file included from ./peripheral_lib/include/debug.h:20,
                 from .\examples\blink\main.c:4:
./peripheral_lib/include/CH557X.H:438:1: warning: "bAIN1" redefined
In file included from .\examples\blink\main.c:3:
./peripheral_lib/include/ch554.h:221:1: error: this is the location of the previous definition
In file included from ./peripheral_lib/include/debug.h:20,
                 from .\examples\blink\main.c:4:
./peripheral_lib/include/CH557X.H:439:1: warning: "bAIN0" redefined
In file included from .\examples\blink\main.c:3:
./peripheral_lib/include/ch554.h:227:1: error: this is the location of the previous definition
In file included from ./peripheral_lib/include/debug.h:20,
                 from .\examples\blink\main.c:4:
./peripheral_lib/include/CH557X.H:466:1: warning: "bT2EX_" redefined
In file included from .\examples\blink\main.c:3:
./peripheral_lib/include/ch554.h:76:1: error: this is the location of the previous definition
In file included from ./peripheral_lib/include/debug.h:20,
                 from .\examples\blink\main.c:4:
./peripheral_lib/include/CH557X.H:467:1: warning: "bCAP2_" redefined
In file included from .\examples\blink\main.c:3:
./peripheral_lib/include/ch554.h:77:1: error: this is the location of the previous definition
In file included from ./peripheral_lib/include/debug.h:20,
                 from .\examples\blink\main.c:4:
./peripheral_lib/include/CH557X.H:472:1: warning: "bPWM1" redefined
In file included from .\examples\blink\main.c:3:
./peripheral_lib/include/ch554.h:214:1: error: this is the location of the previous definition
In file included from ./peripheral_lib/include/debug.h:20,
                 from .\examples\blink\main.c:4:
./peripheral_lib/include/CH557X.H:473:1: warning: "bPWM2" redefined
In file included from .\examples\blink\main.c:3:
./peripheral_lib/include/ch554.h:252:1: error: this is the location of the previous definition
In file included from ./peripheral_lib/include/debug.h:20,
                 from .\examples\blink\main.c:4:
./peripheral_lib/include/CH557X.H:572:1: warning: "bRST" redefined
In file included from .\examples\blink\main.c:3:
./peripheral_lib/include/ch554.h:75:1: error: this is the location of the previous definition
In file included from ./peripheral_lib/include/debug.h:20,
                 from .\examples\blink\main.c:4:
./peripheral_lib/include/CH557X.H:599:1: warning: "bPWM1_PIN_X" redefined
In file included from .\examples\blink\main.c:3:
./peripheral_lib/include/ch554.h:270:1: error: this is the location of the previous definition
In file included from ./peripheral_lib/include/debug.h:20,
                 from .\examples\blink\main.c:4:
./peripheral_lib/include/CH557X.H:603:1: warning: "bIO_INT_ACT" redefined
In file included from .\examples\blink\main.c:3:
./peripheral_lib/include/ch554.h:266:1: error: this is the location of the previous definition
In file included from ./peripheral_lib/include/debug.h:20,
                 from .\examples\blink\main.c:4:
./peripheral_lib/include/CH557X.H:726:1: warning: "bPWM1_POLAR" redefined
In file included from .\examples\blink\main.c:3:
./peripheral_lib/include/ch554.h:376:1: error: this is the location of the previous definition
In file included from ./peripheral_lib/include/debug.h:20,
                 from .\examples\blink\main.c:4:
./peripheral_lib/include/CH557X.H:729:1: warning: "bPWM1_OUT_EN" redefined
In file included from .\examples\blink\main.c:3:
./peripheral_lib/include/ch554.h:379:1: error: this is the location of the previous definition
In file included from ./peripheral_lib/include/debug.h:20,
                 from .\examples\blink\main.c:4:
./peripheral_lib/include/CH557X.H:742:1: warning: "bPWM2_OUT_EN" redefined
In file included from .\examples\blink\main.c:3:
./peripheral_lib/include/ch554.h:378:1: error: this is the location of the previous definition
In file included from ./peripheral_lib/include/debug.h:20,
                 from .\examples\blink\main.c:4:
./peripheral_lib/include/CH557X.H:1286:1: warning: "XDATA_RAM_SIZE" redefined
In file included from .\examples\blink\main.c:3:
./peripheral_lib/include/ch554.h:690:1: error: this is the location of the previous definition
In file included from ./peripheral_lib/include/debug.h:20,
                 from .\examples\blink\main.c:4:
./peripheral_lib/include/CH557X.H:1321:1: warning: "DATA_FLASH_ADDR" redefined
In file included from .\examples\blink\main.c:3:
./peripheral_lib/include/ch554.h:726:1: error: this is the location of the previous definition
In file included from ./peripheral_lib/include/debug.h:20,
                 from .\examples\blink\main.c:4:
./peripheral_lib/include/CH557X.H:1322:1: warning: "BOOT_LOAD_ADDR" redefined
In file included from .\examples\blink\main.c:3:
./peripheral_lib/include/ch554.h:727:1: error: this is the location of the previous definition
In file included from ./peripheral_lib/include/debug.h:20,
                 from .\examples\blink\main.c:4:
./peripheral_lib/include/CH557X.H:1323:1: warning: "ROM_CFG_ADDR" redefined
In file included from .\examples\blink\main.c:3:
./peripheral_lib/include/ch554.h:728:1: error: this is the location of the previous definition
In file included from ./peripheral_lib/include/debug.h:20,
                 from .\examples\blink\main.c:4:
./peripheral_lib/include/CH557X.H:1324:1: warning: "ROM_CHIP_ID_LO" redefined
In file included from .\examples\blink\main.c:3:
./peripheral_lib/include/ch554.h:730:1: error: this is the location of the previous definition
In file included from ./peripheral_lib/include/debug.h:20,
                 from .\examples\blink\main.c:4:
./peripheral_lib/include/CH557X.H:1325:1: warning: "ROM_CHIP_ID_HI" redefined
In file included from .\examples\blink\main.c:3:
./peripheral_lib/include/ch554.h:731:1: error: this is the location of the previous definition
./peripheral_lib/include/CH557X.H:311: error 0: Duplicate symbol 'GPIO_IE', symbol IGNORED
./peripheral_lib/include/ch554.h:148: error 177: previously defined here
./peripheral_lib/include/CH557X.H:364: error 0: Duplicate symbol 'TXD_', symbol IGNORED
./peripheral_lib/include/ch554.h:192: error 177: previously defined here
./peripheral_lib/include/CH557X.H:365: error 0: Duplicate symbol 'RXD_', symbol IGNORED
./peripheral_lib/include/ch554.h:193: error 177: previously defined here
./peripheral_lib/include/CH557X.H:393: error 0: Duplicate symbol 'TXD1_', symbol IGNORED
./peripheral_lib/include/ch554.h:239: error 177: previously defined here
./peripheral_lib/include/CH557X.H:394: error 0: Duplicate symbol 'RXD1_', symbol IGNORED
./peripheral_lib/include/ch554.h:236: error 177: previously defined here
./peripheral_lib/include/CH557X.H:409: error 0: Duplicate symbol 'AIN3', symbol IGNORED
./peripheral_lib/include/ch554.h:242: error 177: previously defined here
./peripheral_lib/include/CH557X.H:410: error 0: Duplicate symbol 'AIN2', symbol IGNORED
./peripheral_lib/include/ch554.h:185: error 177: previously defined here
./peripheral_lib/include/CH557X.H:411: error 0: Duplicate symbol 'AIN1', symbol IGNORED
./peripheral_lib/include/ch554.h:191: error 177: previously defined here
./peripheral_lib/include/CH557X.H:412: error 0: Duplicate symbol 'AIN0', symbol IGNORED
./peripheral_lib/include/ch554.h:198: error 177: previously defined here
./peripheral_lib/include/CH557X.H:449: error 0: Duplicate symbol 'TXD1', symbol IGNORED
./peripheral_lib/include/ch554.h:176: error 177: previously defined here
./peripheral_lib/include/CH557X.H:450: error 0: Duplicate symbol 'RXD1', symbol IGNORED
./peripheral_lib/include/ch554.h:179: error 177: previously defined here
./peripheral_lib/include/CH557X.H:453: error 0: Duplicate symbol 'T2_', symbol IGNORED
./peripheral_lib/include/ch554.h:186: error 177: previously defined here
./peripheral_lib/include/CH557X.H:454: error 0: Duplicate symbol 'CAP1_', symbol IGNORED
./peripheral_lib/include/ch554.h:187: error 177: previously defined here
./peripheral_lib/include/CH557X.H:457: error 0: Duplicate symbol 'PWM1', symbol IGNORED
./peripheral_lib/include/ch554.h:182: error 177: previously defined here
./peripheral_lib/include/CH557X.H:458: error 0: Duplicate symbol 'PWM2', symbol IGNORED
./peripheral_lib/include/ch554.h:235: error 177: previously defined here
./peripheral_lib/include/CH557X.H:721: error 0: Duplicate symbol 'PWM_DATA2', symbol IGNORED
./peripheral_lib/include/ch554.h:371: error 177: previously defined here
./peripheral_lib/include/CH557X.H:722: error 0: Duplicate symbol 'PWM_DATA1', symbol IGNORED
./peripheral_lib/include/ch554.h:372: error 177: previously defined here
./peripheral_lib/include/CH557X.H:779: error 0: Duplicate symbol 'SCON1', symbol IGNORED
./peripheral_lib/include/ch554.h:415: error 177: previously defined here
./peripheral_lib/include/CH557X.H:788: error 0: Duplicate symbol 'SBUF1', symbol IGNORED
./peripheral_lib/include/ch554.h:423: error 177: previously defined here
./peripheral_lib/include/CH557X.H:789: error 0: Duplicate symbol 'SBAUD1', symbol IGNORED
./peripheral_lib/include/ch554.h:424: error 177: previously defined here
./peripheral_lib/include/CH557X.H:810: error 0: Duplicate symbol 'ADC_CTRL', symbol IGNORED
./peripheral_lib/include/ch554.h:427: error 177: previously defined here

[2021-12-25 10:04:31]	compilation failed at : "e:\CanDelete\WCH_8051_projs\1-3-SDCC_Blink\Blink\examples\blink\main.c", exit code: 1
  at unify_builder.Program.Main (System.String[] args) [0x015af] in <0f7354d16e5d4dfcb9170e5e75cdfffa>:0 
---
In file included from .\examples\blink\main.c:4:
./peripheral_lib/include/debug.h:16:20: fatal error: absacc.h: No such file or directory
compilation terminated.

[2021-12-25 10:05:52]	compilation failed at : "e:\CanDelete\WCH_8051_projs\1-3-SDCC_Blink\Blink\examples\blink\main.c", exit code: 1
  at unify_builder.Program.Main (System.String[] args) [0x015af] in <0f7354d16e5d4dfcb9170e5e75cdfffa>:0 
---
In file included from .\examples\blink\main.c:4:
./peripheral_lib/include/debug.h:16:20: fatal error: absacc.h: No such file or directory
compilation terminated.

[2021-12-25 10:06:00]	compilation failed at : "e:\CanDelete\WCH_8051_projs\1-3-SDCC_Blink\Blink\examples\blink\main.c", exit code: 1
  at unify_builder.Program.Main (System.String[] args) [0x015af] in <0f7354d16e5d4dfcb9170e5e75cdfffa>:0 
---
In file included from .\examples\blink\main.c:4:
./peripheral_lib/include/debug.h:19:21: fatal error: intrins.h: No such file or directory
compilation terminated.

[2021-12-25 10:06:04]	compilation failed at : "e:\CanDelete\WCH_8051_projs\1-3-SDCC_Blink\Blink\examples\blink\main.c", exit code: 1
  at unify_builder.Program.Main (System.String[] args) [0x015af] in <0f7354d16e5d4dfcb9170e5e75cdfffa>:0 
---
In file included from ./peripheral_lib/include/debug.h:20,
                 from .\examples\blink\main.c:4:
./peripheral_lib/include/CH557X.H:420:1: warning: "bTXD1_" redefined
In file included from .\examples\blink\main.c:3:
./peripheral_lib/include/ch554.h:256:1: error: this is the location of the previous definition
In file included from ./peripheral_lib/include/debug.h:20,
                 from .\examples\blink\main.c:4:
./peripheral_lib/include/CH557X.H:421:1: warning: "bRXD1_" redefined
In file included from .\examples\blink\main.c:3:
./peripheral_lib/include/ch554.h:253:1: error: this is the location of the previous definition
In file included from ./peripheral_lib/include/debug.h:20,
                 from .\examples\blink\main.c:4:
./peripheral_lib/include/CH557X.H:436:1: warning: "bAIN3" redefined
In file included from .\examples\blink\main.c:3:
./peripheral_lib/include/ch554.h:259:1: error: this is the location of the previous definition
In file included from ./peripheral_lib/include/debug.h:20,
                 from .\examples\blink\main.c:4:
./peripheral_lib/include/CH557X.H:437:1: warning: "bAIN2" redefined
In file included from .\examples\blink\main.c:3:
./peripheral_lib/include/ch554.h:216:1: error: this is the location of the previous definition
In file included from ./peripheral_lib/include/debug.h:20,
                 from .\examples\blink\main.c:4:
./peripheral_lib/include/CH557X.H:438:1: warning: "bAIN1" redefined
In file included from .\examples\blink\main.c:3:
./peripheral_lib/include/ch554.h:221:1: error: this is the location of the previous definition
In file included from ./peripheral_lib/include/debug.h:20,
                 from .\examples\blink\main.c:4:
./peripheral_lib/include/CH557X.H:439:1: warning: "bAIN0" redefined
In file included from .\examples\blink\main.c:3:
./peripheral_lib/include/ch554.h:227:1: error: this is the location of the previous definition
In file included from ./peripheral_lib/include/debug.h:20,
                 from .\examples\blink\main.c:4:
./peripheral_lib/include/CH557X.H:466:1: warning: "bT2EX_" redefined
In file included from .\examples\blink\main.c:3:
./peripheral_lib/include/ch554.h:76:1: error: this is the location of the previous definition
In file included from ./peripheral_lib/include/debug.h:20,
                 from .\examples\blink\main.c:4:
./peripheral_lib/include/CH557X.H:467:1: warning: "bCAP2_" redefined
In file included from .\examples\blink\main.c:3:
./peripheral_lib/include/ch554.h:77:1: error: this is the location of the previous definition
In file included from ./peripheral_lib/include/debug.h:20,
                 from .\examples\blink\main.c:4:
./peripheral_lib/include/CH557X.H:472:1: warning: "bPWM1" redefined
In file included from .\examples\blink\main.c:3:
./peripheral_lib/include/ch554.h:214:1: error: this is the location of the previous definition
In file included from ./peripheral_lib/include/debug.h:20,
                 from .\examples\blink\main.c:4:
./peripheral_lib/include/CH557X.H:473:1: warning: "bPWM2" redefined
In file included from .\examples\blink\main.c:3:
./peripheral_lib/include/ch554.h:252:1: error: this is the location of the previous definition
In file included from ./peripheral_lib/include/debug.h:20,
                 from .\examples\blink\main.c:4:
./peripheral_lib/include/CH557X.H:572:1: warning: "bRST" redefined
In file included from .\examples\blink\main.c:3:
./peripheral_lib/include/ch554.h:75:1: error: this is the location of the previous definition
In file included from ./peripheral_lib/include/debug.h:20,
                 from .\examples\blink\main.c:4:
./peripheral_lib/include/CH557X.H:599:1: warning: "bPWM1_PIN_X" redefined
In file included from .\examples\blink\main.c:3:
./peripheral_lib/include/ch554.h:270:1: error: this is the location of the previous definition
In file included from ./peripheral_lib/include/debug.h:20,
                 from .\examples\blink\main.c:4:
./peripheral_lib/include/CH557X.H:603:1: warning: "bIO_INT_ACT" redefined
In file included from .\examples\blink\main.c:3:
./peripheral_lib/include/ch554.h:266:1: error: this is the location of the previous definition
In file included from ./peripheral_lib/include/debug.h:20,
                 from .\examples\blink\main.c:4:
./peripheral_lib/include/CH557X.H:726:1: warning: "bPWM1_POLAR" redefined
In file included from .\examples\blink\main.c:3:
./peripheral_lib/include/ch554.h:376:1: error: this is the location of the previous definition
In file included from ./peripheral_lib/include/debug.h:20,
                 from .\examples\blink\main.c:4:
./peripheral_lib/include/CH557X.H:729:1: warning: "bPWM1_OUT_EN" redefined
In file included from .\examples\blink\main.c:3:
./peripheral_lib/include/ch554.h:379:1: error: this is the location of the previous definition
In file included from ./peripheral_lib/include/debug.h:20,
                 from .\examples\blink\main.c:4:
./peripheral_lib/include/CH557X.H:742:1: warning: "bPWM2_OUT_EN" redefined
In file included from .\examples\blink\main.c:3:
./peripheral_lib/include/ch554.h:378:1: error: this is the location of the previous definition
In file included from ./peripheral_lib/include/debug.h:20,
                 from .\examples\blink\main.c:4:
./peripheral_lib/include/CH557X.H:1286:1: warning: "XDATA_RAM_SIZE" redefined
In file included from .\examples\blink\main.c:3:
./peripheral_lib/include/ch554.h:690:1: error: this is the location of the previous definition
In file included from ./peripheral_lib/include/debug.h:20,
                 from .\examples\blink\main.c:4:
./peripheral_lib/include/CH557X.H:1321:1: warning: "DATA_FLASH_ADDR" redefined
In file included from .\examples\blink\main.c:3:
./peripheral_lib/include/ch554.h:726:1: error: this is the location of the previous definition
In file included from ./peripheral_lib/include/debug.h:20,
                 from .\examples\blink\main.c:4:
./peripheral_lib/include/CH557X.H:1322:1: warning: "BOOT_LOAD_ADDR" redefined
In file included from .\examples\blink\main.c:3:
./peripheral_lib/include/ch554.h:727:1: error: this is the location of the previous definition
In file included from ./peripheral_lib/include/debug.h:20,
                 from .\examples\blink\main.c:4:
./peripheral_lib/include/CH557X.H:1323:1: warning: "ROM_CFG_ADDR" redefined
In file included from .\examples\blink\main.c:3:
./peripheral_lib/include/ch554.h:728:1: error: this is the location of the previous definition
In file included from ./peripheral_lib/include/debug.h:20,
                 from .\examples\blink\main.c:4:
./peripheral_lib/include/CH557X.H:1324:1: warning: "ROM_CHIP_ID_LO" redefined
In file included from .\examples\blink\main.c:3:
./peripheral_lib/include/ch554.h:730:1: error: this is the location of the previous definition
In file included from ./peripheral_lib/include/debug.h:20,
                 from .\examples\blink\main.c:4:
./peripheral_lib/include/CH557X.H:1325:1: warning: "ROM_CHIP_ID_HI" redefined
In file included from .\examples\blink\main.c:3:
./peripheral_lib/include/ch554.h:731:1: error: this is the location of the previous definition
./peripheral_lib/include/CH557X.H:311: error 0: Duplicate symbol 'GPIO_IE', symbol IGNORED
./peripheral_lib/include/ch554.h:148: error 177: previously defined here
./peripheral_lib/include/CH557X.H:364: error 0: Duplicate symbol 'TXD_', symbol IGNORED
./peripheral_lib/include/ch554.h:192: error 177: previously defined here
./peripheral_lib/include/CH557X.H:365: error 0: Duplicate symbol 'RXD_', symbol IGNORED
./peripheral_lib/include/ch554.h:193: error 177: previously defined here
./peripheral_lib/include/CH557X.H:393: error 0: Duplicate symbol 'TXD1_', symbol IGNORED
./peripheral_lib/include/ch554.h:239: error 177: previously defined here
./peripheral_lib/include/CH557X.H:394: error 0: Duplicate symbol 'RXD1_', symbol IGNORED
./peripheral_lib/include/ch554.h:236: error 177: previously defined here
./peripheral_lib/include/CH557X.H:409: error 0: Duplicate symbol 'AIN3', symbol IGNORED
./peripheral_lib/include/ch554.h:242: error 177: previously defined here
./peripheral_lib/include/CH557X.H:410: error 0: Duplicate symbol 'AIN2', symbol IGNORED
./peripheral_lib/include/ch554.h:185: error 177: previously defined here
./peripheral_lib/include/CH557X.H:411: error 0: Duplicate symbol 'AIN1', symbol IGNORED
./peripheral_lib/include/ch554.h:191: error 177: previously defined here
./peripheral_lib/include/CH557X.H:412: error 0: Duplicate symbol 'AIN0', symbol IGNORED
./peripheral_lib/include/ch554.h:198: error 177: previously defined here
./peripheral_lib/include/CH557X.H:449: error 0: Duplicate symbol 'TXD1', symbol IGNORED
./peripheral_lib/include/ch554.h:176: error 177: previously defined here
./peripheral_lib/include/CH557X.H:450: error 0: Duplicate symbol 'RXD1', symbol IGNORED
./peripheral_lib/include/ch554.h:179: error 177: previously defined here
./peripheral_lib/include/CH557X.H:453: error 0: Duplicate symbol 'T2_', symbol IGNORED
./peripheral_lib/include/ch554.h:186: error 177: previously defined here
./peripheral_lib/include/CH557X.H:454: error 0: Duplicate symbol 'CAP1_', symbol IGNORED
./peripheral_lib/include/ch554.h:187: error 177: previously defined here
./peripheral_lib/include/CH557X.H:457: error 0: Duplicate symbol 'PWM1', symbol IGNORED
./peripheral_lib/include/ch554.h:182: error 177: previously defined here
./peripheral_lib/include/CH557X.H:458: error 0: Duplicate symbol 'PWM2', symbol IGNORED
./peripheral_lib/include/ch554.h:235: error 177: previously defined here
./peripheral_lib/include/CH557X.H:721: error 0: Duplicate symbol 'PWM_DATA2', symbol IGNORED
./peripheral_lib/include/ch554.h:371: error 177: previously defined here
./peripheral_lib/include/CH557X.H:722: error 0: Duplicate symbol 'PWM_DATA1', symbol IGNORED
./peripheral_lib/include/ch554.h:372: error 177: previously defined here
./peripheral_lib/include/CH557X.H:779: error 0: Duplicate symbol 'SCON1', symbol IGNORED
./peripheral_lib/include/ch554.h:415: error 177: previously defined here
./peripheral_lib/include/CH557X.H:788: error 0: Duplicate symbol 'SBUF1', symbol IGNORED
./peripheral_lib/include/ch554.h:423: error 177: previously defined here
./peripheral_lib/include/CH557X.H:789: error 0: Duplicate symbol 'SBAUD1', symbol IGNORED
./peripheral_lib/include/ch554.h:424: error 177: previously defined here
./peripheral_lib/include/CH557X.H:810: error 0: Duplicate symbol 'ADC_CTRL', symbol IGNORED
./peripheral_lib/include/ch554.h:427: error 177: previously defined here

[2021-12-25 10:06:44]	compilation failed at : "e:\CanDelete\WCH_8051_projs\1-3-SDCC_Blink\Blink\examples\blink\main.c", exit code: 1
  at unify_builder.Program.Main (System.String[] args) [0x015af] in <0f7354d16e5d4dfcb9170e5e75cdfffa>:0 
---
.\examples\blink\main.c:3:19: fatal error: ch554.h: No such file or directory
compilation terminated.
.\examples\blink\main.c:1: warning 190: ISO C forbids an empty source file

[2021-12-25 10:07:08]	compilation failed at : "e:\CanDelete\WCH_8051_projs\1-3-SDCC_Blink\Blink\peripheral_lib\source\debug.c", exit code: 1
  at unify_builder.Program.Main (System.String[] args) [0x015af] in <0f7354d16e5d4dfcb9170e5e75cdfffa>:0 
---
.\peripheral_lib\source\debug.c:149: error 20: Undefined identifier 'XBYTE'
.\peripheral_lib\source\debug.c:149: error 22: Array or pointer required for '[]' operation

[2021-12-25 10:08:56]	[done]
	build successfully !

[2021-12-25 10:09:31]	[done]
	build successfully !

[2021-12-25 10:10:27]	[done]
	build successfully !

[2021-12-25 10:15:27]	compilation failed at : "e:\CanDelete\WCH_8051_projs\1-3-SDCC_Blink\Blink\examples\blink\main.c", exit code: 1
  at unify_builder.Program.Main (System.String[] args) [0x015af] in <0f7354d16e5d4dfcb9170e5e75cdfffa>:0 
---
.\examples\blink\main.c:6: error 2: Initializer element is not a constant expression
.\examples\blink\main.c:14: error 20: Undefined identifier 'LED_PIN'
.\examples\blink\main.c:15: error 20: Undefined identifier 'LED_PIN'

[2021-12-25 10:16:18]	compilation failed at : "e:\CanDelete\WCH_8051_projs\1-3-SDCC_Blink\Blink\examples\blink\main.c", exit code: 1
  at unify_builder.Program.Main (System.String[] args) [0x015af] in <0f7354d16e5d4dfcb9170e5e75cdfffa>:0 
---
In file included from .\examples\blink\main.c:4:
./peripheral_lib/include/debug.h:31:1: warning: "FREQ_SYS" redefined
<command line>:1:1: error: this is the location of the previous definition
.\examples\blink\main.c:7: error 2: Initializer element is not a constant expression

[2021-12-25 10:17:00]	compilation failed at : "e:\CanDelete\WCH_8051_projs\1-3-SDCC_Blink\Blink\examples\blink\main.c", exit code: 1
  at unify_builder.Program.Main (System.String[] args) [0x015af] in <0f7354d16e5d4dfcb9170e5e75cdfffa>:0 
---
In file included from .\examples\blink\main.c:4:
./peripheral_lib/include/debug.h:31:1: warning: "FREQ_SYS" redefined
<command line>:1:1: error: this is the location of the previous definition
.\examples\blink\main.c:21: syntax error: token -> '=' ; column 15
.\examples\blink\main.c:23: syntax error: token -> '}' ; column 1

[2021-12-25 10:17:38]	compilation failed at : "e:\CanDelete\WCH_8051_projs\1-3-SDCC_Blink\Blink\examples\blink\main.c", exit code: 1
  at unify_builder.Program.Main (System.String[] args) [0x015af] in <0f7354d16e5d4dfcb9170e5e75cdfffa>:0 
---
In file included from .\examples\blink\main.c:4:
./peripheral_lib/include/debug.h:31:1: warning: "FREQ_SYS" redefined
<command line>:1:1: error: this is the location of the previous definition
.\examples\blink\main.c:21: syntax error: token -> '=' ; column 15
.\examples\blink\main.c:23: syntax error: token -> '}' ; column 1

[2021-12-25 10:17:42]	compilation failed at : "e:\CanDelete\WCH_8051_projs\1-3-SDCC_Blink\Blink\examples\blink\main.c", exit code: 1
  at unify_builder.Program.Main (System.String[] args) [0x015af] in <0f7354d16e5d4dfcb9170e5e75cdfffa>:0 
---
In file included from .\examples\blink\main.c:4:
./peripheral_lib/include/debug.h:31:1: warning: "FREQ_SYS" redefined
<command line>:1:1: error: this is the location of the previous definition
.\examples\blink\main.c:21: syntax error: token -> '=' ; column 15

[2021-12-25 10:19:20]	[done]
	build successfully !

[2021-12-25 10:19:24]	[done]
	build successfully !

[2021-12-25 10:19:38]	[done]
	build successfully !

[2021-12-25 10:20:33]	[done]
	build successfully !

[2021-12-25 10:21:27]	[done]
	build successfully !

[2021-12-25 10:22:16]	[done]
	build successfully !

[2021-12-25 10:23:08]	[done]
	build successfully !

[2021-12-25 10:23:52]	[done]
	build successfully !

[2021-12-25 10:25:52]	[done]
	build successfully !

[2021-12-25 10:26:30]	[done]
	build successfully !

[2021-12-25 10:26:40]	[done]
	build successfully !

[2021-12-25 10:27:44]	[done]
	build successfully !

[2021-12-25 10:32:01]	[done]
	build successfully !

[2021-12-25 10:33:22]	[done]
	build successfully !

[2021-12-25 10:35:59]	[done]
	build successfully !

[2021-12-25 10:36:53]	[done]
	build successfully !

[2021-12-25 10:37:33]	[done]
	build successfully !

[2021-12-25 10:37:37]	[done]
	build successfully !

[2021-12-25 10:38:32]	[done]
	build successfully !

[2021-12-25 10:38:34]	[done]
	build successfully !

[2021-12-25 11:04:07]	compilation failed at : "e:\CanDelete\WCH_8051_projs\1-3-SDCC_Blink\Blink\examples\ws2812\main.c", exit code: 1
  at unify_builder.Program.Main (System.String[] args) [0x015af] in <0f7354d16e5d4dfcb9170e5e75cdfffa>:0 
---
In file included from .\examples\ws2812\main.c:6:
./peripheral_lib/include/debug.h:31:1: warning: "FREQ_SYS" redefined
<command line>:1:1: error: this is the location of the previous definition
./peripheral_lib/include/ch557x.h:40: error 51: typedef/enum 'uint8_t' duplicate. Previous definition Ignored
./peripheral_lib/include/ch557x.h:46: error 51: typedef/enum 'uint16_t' duplicate. Previous definition Ignored
./peripheral_lib/include/ch557x.h:52: error 51: typedef/enum 'uint32_t' duplicate. Previous definition Ignored

[2021-12-25 11:04:20]	compilation failed at : "e:\CanDelete\WCH_8051_projs\1-3-SDCC_Blink\Blink\examples\ws2812\main.c", exit code: 1
  at unify_builder.Program.Main (System.String[] args) [0x015af] in <0f7354d16e5d4dfcb9170e5e75cdfffa>:0 
---
In file included from .\examples\ws2812\main.c:6:
./peripheral_lib/include/debug.h:31:1: warning: "FREQ_SYS" redefined
<command line>:1:1: error: this is the location of the previous definition
./peripheral_lib/include/ch557x.h:40: error 51: typedef/enum 'uint8_t' duplicate. Previous definition Ignored
./peripheral_lib/include/ch557x.h:46: error 51: typedef/enum 'uint16_t' duplicate. Previous definition Ignored
./peripheral_lib/include/ch557x.h:52: error 51: typedef/enum 'uint32_t' duplicate. Previous definition Ignored

[2021-12-25 11:05:11]	link failed !, exit code: 1
  at unify_builder.Program.Main (System.String[] args) [0x01752] in <0f7354d16e5d4dfcb9170e5e75cdfffa>:0 
---
?ASlink-Warning-Undefined Global '_bitbangSetup' referenced by module 'main'
?ASlink-Warning-Undefined Global '_bitbangWs2812' referenced by module 'main'
?ASlink-Warning-Undefined Global '_bitbangWs2812_PARM_2' referenced by module 'main'


[2021-12-25 11:05:14]	link failed !, exit code: 1
  at unify_builder.Program.Main (System.String[] args) [0x01752] in <0f7354d16e5d4dfcb9170e5e75cdfffa>:0 
---
?ASlink-Warning-Undefined Global '_bitbangSetup' referenced by module 'main'
?ASlink-Warning-Undefined Global '_bitbangWs2812' referenced by module 'main'
?ASlink-Warning-Undefined Global '_bitbangWs2812_PARM_2' referenced by module 'main'


[2021-12-25 11:05:40]	compilation failed at : "e:\CanDelete\WCH_8051_projs\1-3-SDCC_Blink\Blink\examples\ws2812\bitbang.c", exit code: 1
  at unify_builder.Program.Main (System.String[] args) [0x015af] in <0f7354d16e5d4dfcb9170e5e75cdfffa>:0 
---
.\examples\ws2812\bitbang.c:3:33: fatal error: ../../include/ch554.h: No such file or directory
compilation terminated.

[2021-12-25 11:06:12]	[done]
	build successfully !

[2021-12-25 11:06:19]	[done]
	build successfully !

[2021-12-25 11:06:59]	[done]
	build successfully !

[2021-12-25 11:10:19]	[done]
	build successfully !

[2021-12-25 11:13:40]	[done]
	build successfully !

[2021-12-25 11:13:43]	[done]
	build successfully !

[2021-12-25 11:14:43]	[done]
	build successfully !

[2021-12-25 11:14:46]	[done]
	build successfully !

[2021-12-25 11:18:21]	[done]
	build successfully !

[2021-12-25 11:21:09]	[done]
	build successfully !

[2021-12-25 11:21:37]	[done]
	build successfully !

[2021-12-25 11:21:40]	[done]
	build successfully !

[2021-12-25 11:22:04]	[done]
	build successfully !

[2021-12-25 12:23:15]	[done]
	build successfully !

[2021-12-25 12:23:22]	[done]
	build successfully !

[2021-12-25 12:26:46]	[done]
	build successfully !

[2021-12-25 13:42:13]	link failed !, exit code: 1
  at unify_builder.Program.Main (System.String[] args) [0x01752] in <0f7354d16e5d4dfcb9170e5e75cdfffa>:0 
---
?ASlink-Warning-Undefined Global '_i2c_read_ack' referenced by module 'main'
?ASlink-Warning-Undefined Global '_i2c_write' referenced by module 'main'
?ASlink-Warning-Undefined Global '_i2c_start' referenced by module 'main'
?ASlink-Warning-Undefined Global '_i2c_init' referenced by module 'main'


[2021-12-25 13:42:18]	link failed !, exit code: 1
  at unify_builder.Program.Main (System.String[] args) [0x01752] in <0f7354d16e5d4dfcb9170e5e75cdfffa>:0 
---
?ASlink-Warning-Undefined Global '_i2c_read_ack' referenced by module 'main'
?ASlink-Warning-Undefined Global '_i2c_write' referenced by module 'main'
?ASlink-Warning-Undefined Global '_i2c_start' referenced by module 'main'
?ASlink-Warning-Undefined Global '_i2c_init' referenced by module 'main'


[2021-12-25 13:42:33]	link failed !, exit code: 1
  at unify_builder.Program.Main (System.String[] args) [0x01752] in <0f7354d16e5d4dfcb9170e5e75cdfffa>:0 
---
?ASlink-Warning-Undefined Global '_i2c_read_ack' referenced by module 'main'
?ASlink-Warning-Undefined Global '_i2c_write' referenced by module 'main'
?ASlink-Warning-Undefined Global '_i2c_start' referenced by module 'main'
?ASlink-Warning-Undefined Global '_i2c_init' referenced by module 'main'


[2021-12-25 13:42:57]	[done]
	build successfully !

[2021-12-25 13:44:05]	[done]
	build successfully !

[2021-12-25 13:44:08]	[done]
	build successfully !

[2021-12-25 14:06:41]	Not found 'main.rel' object file in output list, the 'main.rel' object file must be the first object file !
  at unify_builder.CmdGenerator.genLinkCommand (System.Collections.Generic.List`1[T] objList, System.Boolean onlyCmd) [0x00282] in <0f7354d16e5d4dfcb9170e5e75cdfffa>:0 
  at unify_builder.Program.Main (System.String[] args) [0x0167d] in <0f7354d16e5d4dfcb9170e5e75cdfffa>:0 

[2021-12-25 14:07:12]	compilation failed at : "e:\CanDelete\WCH_8051_projs\1-3-SDCC_Blink\Blink\User_examples\1-1-IIC驱动SSD1306\Src\SSD1306.c", exit code: 1
  at unify_builder.Program.Main (System.String[] args) [0x015af] in <0f7354d16e5d4dfcb9170e5e75cdfffa>:0 
---
.\User_examples\1-1-IIC驱动SSD1306\Src\SSD1306.c:30: warning 112: function 'Delay_us' implicit declaration
.\User_examples\1-1-IIC驱动SSD1306\Src\SSD1306.c:31: warning 112: function 'Delay_us' implicit declaration
.\User_examples\1-1-IIC驱动SSD1306\Src\SSD1306.c:32: warning 112: function 'Delay_us' implicit declaration
.\User_examples\1-1-IIC驱动SSD1306\Src\SSD1306.c:33: warning 112: function 'Delay_us' implicit declaration
.\User_examples\1-1-IIC驱动SSD1306\Src\SSD1306.c:30: error 101: too many parameters 
.\User_examples\1-1-IIC驱动SSD1306\Src\SSD1306.c:31: error 101: too many parameters 
.\User_examples\1-1-IIC驱动SSD1306\Src\SSD1306.c:32: error 101: too many parameters 
.\User_examples\1-1-IIC驱动SSD1306\Src\SSD1306.c:33: error 101: too many parameters 
.\User_examples\1-1-IIC驱动SSD1306\Src\SSD1306.c:43: warning 112: function 'Delay_us' implicit declaration
.\User_examples\1-1-IIC驱动SSD1306\Src\SSD1306.c:44: warning 112: function 'Delay_us' implicit declaration
.\User_examples\1-1-IIC驱动SSD1306\Src\SSD1306.c:43: error 101: too many parameters 
.\User_examples\1-1-IIC驱动SSD1306\Src\SSD1306.c:44: error 101: too many parameters 
.\User_examples\1-1-IIC驱动SSD1306\Src\SSD1306.c:59: warning 112: function 'Delay_us' implicit declaration
.\User_examples\1-1-IIC驱动SSD1306\Src\SSD1306.c:63: warning 112: function 'Delay_us' implicit declaration
.\User_examples\1-1-IIC驱动SSD1306\Src\SSD1306.c:59: error 101: too many parameters 
.\User_examples\1-1-IIC驱动SSD1306\Src\SSD1306.c:63: error 101: too many parameters

[2021-12-25 14:08:30]	compilation failed at : "e:\CanDelete\WCH_8051_projs\1-3-SDCC_Blink\Blink\User_examples\1-1-IIC驱动SSD1306\Src\SSD1306.c", exit code: 1
  at unify_builder.Program.Main (System.String[] args) [0x015af] in <0f7354d16e5d4dfcb9170e5e75cdfffa>:0 
---
In file included from .\User_examples\1-1-IIC驱动SSD1306\Src\SSD1306.c:2:
./peripheral_lib/include/debug.h:31:1: warning: "FREQ_SYS" redefined
<command line>:1:1: error: this is the location of the previous definition
.\User_examples\1-1-IIC驱动SSD1306\Src\/../Inc/OLED_Font.h:7: error 69: struct/union/array 'OLED_F8x16': initialization needs curly braces
.\User_examples\1-1-IIC驱动SSD1306\Src\/../Inc/OLED_Font.h:8: error 69: struct/union/array 'OLED_F8x16': initialization needs curly braces
.\User_examples\1-1-IIC驱动SSD1306\Src\/../Inc/OLED_Font.h:10: error 69: struct/union/array 'OLED_F8x16': initialization needs curly braces
.\User_examples\1-1-IIC驱动SSD1306\Src\/../Inc/OLED_Font.h:11: error 69: struct/union/array 'OLED_F8x16': initialization needs curly braces
.\User_examples\1-1-IIC驱动SSD1306\Src\/../Inc/OLED_Font.h:13: error 69: struct/union/array 'OLED_F8x16': initialization needs curly braces
.\User_examples\1-1-IIC驱动SSD1306\Src\/../Inc/OLED_Font.h:14: error 69: struct/union/array 'OLED_F8x16': initialization needs curly braces
.\User_examples\1-1-IIC驱动SSD1306\Src\/../Inc/OLED_Font.h:16: error 69: struct/union/array 'OLED_F8x16': initialization needs curly braces
.\User_examples\1-1-IIC驱动SSD1306\Src\/../Inc/OLED_Font.h:17: error 69: struct/union/array 'OLED_F8x16': initialization needs curly braces
.\User_examples\1-1-IIC驱动SSD1306\Src\/../Inc/OLED_Font.h:19: error 69: struct/union/array 'OLED_F8x16': initialization needs curly braces
.\User_examples\1-1-IIC驱动SSD1306\Src\/../Inc/OLED_Font.h:20: error 69: struct/union/array 'OLED_F8x16': initialization needs curly braces
.\User_examples\1-1-IIC驱动SSD1306\Src\/../Inc/OLED_Font.h:22: error 69: struct/union/array 'OLED_F8x16': initialization needs curly braces
.\User_examples\1-1-IIC驱动SSD1306\Src\/../Inc/OLED_Font.h:23: error 69: struct/union/array 'OLED_F8x16': initialization needs curly braces
.\User_examples\1-1-IIC驱动SSD1306\Src\/../Inc/OLED_Font.h:25: error 69: struct/union/array 'OLED_F8x16': initialization needs curly braces
.\User_examples\1-1-IIC驱动SSD1306\Src\/../Inc/OLED_Font.h:26: error 69: struct/union/array 'OLED_F8x16': initialization needs curly braces
.\User_examples\1-1-IIC驱动SSD1306\Src\/../Inc/OLED_Font.h:28: error 69: struct/union/array 'OLED_F8x16': initialization needs curly braces
.\User_examples\1-1-IIC驱动SSD1306\Src\/../Inc/OLED_Font.h:29: error 69: struct/union/array 'OLED_F8x16': initialization needs curly braces
.\User_examples\1-1-IIC驱动SSD1306\Src\/../Inc/OLED_Font.h:31: error 69: struct/union/array 'OLED_F8x16': initialization needs curly braces
.\User_examples\1-1-IIC驱动SSD1306\Src\/../Inc/OLED_Font.h:32: error 69: struct/union/array 'OLED_F8x16': initialization needs curly braces
.\User_examples\1-1-IIC驱动SSD1306\Src\/../Inc/OLED_Font.h:34: error 69: struct/union/array 'OLED_F8x16': initialization needs curly braces
.\User_examples\1-1-IIC驱动SSD1306\Src\/../Inc/OLED_Font.h:35: error 69: struct/union/array 'OLED_F8x16': initialization needs curly braces
.\User_examples\1-1-IIC驱动SSD1306\Src\/../Inc/OLED_Font.h:37: error 69: struct/union/array 'OLED_F8x16': initialization needs curly braces
.\User_examples\1-1-IIC驱动SSD1306\Src\/../Inc/OLED_Font.h:38: error 69: struct/union/array 'OLED_F8x16': initialization needs curly braces
.\User_examples\1-1-IIC驱动SSD1306\Src\/../Inc/OLED_Font.h:40: error 69: struct/union/array 'OLED_F8x16': initialization needs curly braces
.\User_examples\1-1-IIC驱动SSD1306\Src\/../Inc/OLED_Font.h:41: error 69: struct/union/array 'OLED_F8x16': initialization needs curly braces
.\User_examples\1-1-IIC驱动SSD1306\Src\/../Inc/OLED_Font.h:43: error 69: struct/union/array 'OLED_F8x16': initialization needs curly braces
.\User_examples\1-1-IIC驱动SSD1306\Src\/../Inc/OLED_Font.h:44: error 69: struct/union/array 'OLED_F8x16': initialization needs curly braces
.\User_examples\1-1-IIC驱动SSD1306\Src\/../Inc/OLED_Font.h:46: error 69: struct/union/array 'OLED_F8x16': initialization needs curly braces
.\User_examples\1-1-IIC驱动SSD1306\Src\/../Inc/OLED_Font.h:47: error 69: struct/union/array 'OLED_F8x16': initialization needs curly braces
.\User_examples\1-1-IIC驱动SSD1306\Src\/../Inc/OLED_Font.h:49: error 69: struct/union/array 'OLED_F8x16': initialization needs curly braces
.\User_examples\1-1-IIC驱动SSD1306\Src\/../Inc/OLED_Font.h:50: error 69: struct/union/array 'OLED_F8x16': initialization needs curly braces
.\User_examples\1-1-IIC驱动SSD1306\Src\/../Inc/OLED_Font.h:52: error 69: struct/union/array 'OLED_F8x16': initialization needs curly braces
.\User_examples\1-1-IIC驱动SSD1306\Src\/../Inc/OLED_Font.h:53: error 69: struct/union/array 'OLED_F8x16': initialization needs curly braces
.\User_examples\1-1-IIC驱动SSD1306\Src\/../Inc/OLED_Font.h:55: error 69: struct/union/array 'OLED_F8x16': initialization needs curly braces
.\User_examples\1-1-IIC驱动SSD1306\Src\/../Inc/OLED_Font.h:56: error 69: struct/union/array 'OLED_F8x16': initialization needs curly braces
.\User_examples\1-1-IIC驱动SSD1306\Src\/../Inc/OLED_Font.h:58: error 69: struct/union/array 'OLED_F8x16': initialization needs curly braces
.\User_examples\1-1-IIC驱动SSD1306\Src\/../Inc/OLED_Font.h:59: error 69: struct/union/array 'OLED_F8x16': initialization needs curly braces
.\User_examples\1-1-IIC驱动SSD1306\Src\/../Inc/OLED_Font.h:61: error 69: struct/union/array 'OLED_F8x16': initialization needs curly braces
.\User_examples\1-1-IIC驱动SSD1306\Src\/../Inc/OLED_Font.h:62: error 69: struct/union/array 'OLED_F8x16': initialization needs curly braces
.\User_examples\1-1-IIC驱动SSD1306\Src\/../Inc/OLED_Font.h:64: error 69: struct/union/array 'OLED_F8x16': initialization needs curly braces
.\User_examples\1-1-IIC驱动SSD1306\Src\/../Inc/OLED_Font.h:65: error 69: struct/union/array 'OLED_F8x16': initialization needs curly braces
.\User_examples\1-1-IIC驱动SSD1306\Src\/../Inc/OLED_Font.h:67: error 69: struct/union/array 'OLED_F8x16': initialization needs curly braces
.\User_examples\1-1-IIC驱动SSD1306\Src\/../Inc/OLED_Font.h:68: error 69: struct/union/array 'OLED_F8x16': initialization needs curly braces
.\User_examples\1-1-IIC驱动SSD1306\Src\/../Inc/OLED_Font.h:70: error 69: struct/union/array 'OLED_F8x16': initialization needs curly braces
.\User_examples\1-1-IIC驱动SSD1306\Src\/../Inc/OLED_Font.h:71: error 69: struct/union/array 'OLED_F8x16': initialization needs curly braces
.\User_examples\1-1-IIC驱动SSD1306\Src\/../Inc/OLED_Font.h:73: error 69: struct/union/array 'OLED_F8x16': initialization needs curly braces
.\User_examples\1-1-IIC驱动SSD1306\Src\/../Inc/OLED_Font.h:74: error 69: struct/union/array 'OLED_F8x16': initialization needs curly braces
.\User_examples\1-1-IIC驱动SSD1306\Src\/../Inc/OLED_Font.h:76: error 69: struct/union/array 'OLED_F8x16': initialization needs curly braces
.\User_examples\1-1-IIC驱动SSD1306\Src\/../Inc/OLED_Font.h:77: error 69: struct/union/array 'OLED_F8x16': initialization needs curly braces
.\User_examples\1-1-IIC驱动SSD1306\Src\/../Inc/OLED_Font.h:79: error 69: struct/union/array 'OLED_F8x16': initialization needs curly braces
.\User_examples\1-1-IIC驱动SSD1306\Src\/../Inc/OLED_Font.h:80: error 69: struct/union/array 'OLED_F8x16': initialization needs curly braces
.\User_examples\1-1-IIC驱动SSD1306\Src\/../Inc/OLED_Font.h:82: error 69: struct/union/array 'OLED_F8x16': initialization needs curly braces
.\User_examples\1-1-IIC驱动SSD1306\Src\/../Inc/OLED_Font.h:83: error 69: struct/union/array 'OLED_F8x16': initialization needs curly braces
.\User_examples\1-1-IIC驱动SSD1306\Src\/../Inc/OLED_Font.h:85: error 69: struct/union/array 'OLED_F8x16': initialization needs curly braces
.\User_examples\1-1-IIC驱动SSD1306\Src\/../Inc/OLED_Font.h:86: error 69: struct/union/array 'OLED_F8x16': initialization needs curly braces
.\User_examples\1-1-IIC驱动SSD1306\Src\/../Inc/OLED_Font.h:88: error 69: struct/union/array 'OLED_F8x16': initialization needs curly braces
.\User_examples\1-1-IIC驱动SSD1306\Src\/../Inc/OLED_Font.h:89: error 69: struct/union/array 'OLED_F8x16': initialization needs curly braces
.\User_examples\1-1-IIC驱动SSD1306\Src\/../Inc/OLED_Font.h:91: error 69: struct/union/array 'OLED_F8x16': initialization needs curly braces
.\User_examples\1-1-IIC驱动SSD1306\Src\/../Inc/OLED_Font.h:92: error 69: struct/union/array 'OLED_F8x16': initialization needs curly braces
.\User_examples\1-1-IIC驱动SSD1306\Src\/../Inc/OLED_Font.h:94: error 69: struct/union/array 'OLED_F8x16': initialization needs curly braces
.\User_examples\1-1-IIC驱动SSD1306\Src\/../Inc/OLED_Font.h:95: error 69: struct/union/array 'OLED_F8x16': initialization needs curly braces
.\User_examples\1-1-IIC驱动SSD1306\Src\/../Inc/OLED_Font.h:97: error 69: struct/union/array 'OLED_F8x16': initialization needs curly braces
.\User_examples\1-1-IIC驱动SSD1306\Src\/../Inc/OLED_Font.h:98: error 69: struct/union/array 'OLED_F8x16': initialization needs curly braces
.\User_examples\1-1-IIC驱动SSD1306\Src\/../Inc/OLED_Font.h:100: error 69: struct/union/array 'OLED_F8x16': initialization needs curly braces
.\User_examples\1-1-IIC驱动SSD1306\Src\/../Inc/OLED_Font.h:101: error 69: struct/union/array 'OLED_F8x16': initialization needs curly braces
.\User_examples\1-1-IIC驱动SSD1306\Src\/../Inc/OLED_Font.h:103: error 69: struct/union/array 'OLED_F8x16': initialization needs curly braces
.\User_examples\1-1-IIC驱动SSD1306\Src\/../Inc/OLED_Font.h:104: error 69: struct/union/array 'OLED_F8x16': initialization needs curly braces
.\User_examples\1-1-IIC驱动SSD1306\Src\/../Inc/OLED_Font.h:106: error 69: struct/union/array 'OLED_F8x16': initialization needs curly braces
.\User_examples\1-1-IIC驱动SSD1306\Src\/../Inc/OLED_Font.h:107: error 69: struct/union/array 'OLED_F8x16': initialization needs curly braces
.\User_examples\1-1-IIC驱动SSD1306\Src\/../Inc/OLED_Font.h:109: error 69: struct/union/array 'OLED_F8x16': initialization needs curly braces
.\User_examples\1-1-IIC驱动SSD1306\Src\/../Inc/OLED_Font.h:110: error 69: struct/union/array 'OLED_F8x16': initialization needs curly braces
.\User_examples\1-1-IIC驱动SSD1306\Src\/../Inc/OLED_Font.h:112: error 69: struct/union/array 'OLED_F8x16': initialization needs curly braces
.\User_examples\1-1-IIC驱动SSD1306\Src\/../Inc/OLED_Font.h:113: error 69: struct/union/array 'OLED_F8x16': initialization needs curly braces
.\User_examples\1-1-IIC驱动SSD1306\Src\/../Inc/OLED_Font.h:115: error 69: struct/union/array 'OLED_F8x16': initialization needs curly braces
.\User_examples\1-1-IIC驱动SSD1306\Src\/../Inc/OLED_Font.h:116: error 69: struct/union/array 'OLED_F8x16': initialization needs curly braces
.\User_examples\1-1-IIC驱动SSD1306\Src\/../Inc/OLED_Font.h:118: error 69: struct/union/array 'OLED_F8x16': initialization needs curly braces
.\User_examples\1-1-IIC驱动SSD1306\Src\/../Inc/OLED_Font.h:119: error 69: struct/union/array 'OLED_F8x16': initialization needs curly braces
.\User_examples\1-1-IIC驱动SSD1306\Src\/../Inc/OLED_Font.h:121: error 69: struct/union/array 'OLED_F8x16': initialization needs curly braces
.\User_examples\1-1-IIC驱动SSD1306\Src\/../Inc/OLED_Font.h:122: error 69: struct/union/array 'OLED_F8x16': initialization needs curly braces
.\User_examples\1-1-IIC驱动SSD1306\Src\/../Inc/OLED_Font.h:124: error 69: struct/union/array 'OLED_F8x16': initialization needs curly braces
.\User_examples\1-1-IIC驱动SSD1306\Src\/../Inc/OLED_Font.h:125: error 69: struct/union/array 'OLED_F8x16': initialization needs curly braces
.\User_examples\1-1-IIC驱动SSD1306\Src\/../Inc/OLED_Font.h:127: error 69: struct/union/array 'OLED_F8x16': initialization needs curly braces
.\User_examples\1-1-IIC驱动SSD1306\Src\/../Inc/OLED_Font.h:128: error 69: struct/union/array 'OLED_F8x16': initialization needs curly braces
.\User_examples\1-1-IIC驱动SSD1306\Src\/../Inc/OLED_Font.h:130: error 69: struct/union/array 'OLED_F8x16': initialization needs curly braces
.\User_examples\1-1-IIC驱动SSD1306\Src\/../Inc/OLED_Font.h:131: error 69: struct/union/array 'OLED_F8x16': initialization needs curly braces
.\User_examples\1-1-IIC驱动SSD1306\Src\/../Inc/OLED_Font.h:133: error 69: struct/union/array 'OLED_F8x16': initialization needs curly braces
.\User_examples\1-1-IIC驱动SSD1306\Src\/../Inc/OLED_Font.h:134: error 69: struct/union/array 'OLED_F8x16': initialization needs curly braces
.\User_examples\1-1-IIC驱动SSD1306\Src\/../Inc/OLED_Font.h:136: error 69: struct/union/array 'OLED_F8x16': initialization needs curly braces
.\User_examples\1-1-IIC驱动SSD1306\Src\/../Inc/OLED_Font.h:137: error 69: struct/union/array 'OLED_F8x16': initialization needs curly braces
.\User_examples\1-1-IIC驱动SSD1306\Src\/../Inc/OLED_Font.h:139: error 69: struct/union/array 'OLED_F8x16': initialization needs curly braces
.\User_examples\1-1-IIC驱动SSD1306\Src\/../Inc/OLED_Font.h:140: error 69: struct/union/array 'OLED_F8x16': initialization needs curly braces
.\User_examples\1-1-IIC驱动SSD1306\Src\/../Inc/OLED_Font.h:142: error 69: struct/union/array 'OLED_F8x16': initialization needs curly braces
.\User_examples\1-1-IIC驱动SSD1306\Src\/../Inc/OLED_Font.h:143: error 69: struct/union/array 'OLED_F8x16': initialization needs curly braces
.\User_examples\1-1-IIC驱动SSD1306\Src\/../Inc/OLED_Font.h:145: error 69: struct/union/array 'OLED_F8x16': initialization needs curly braces
.\User_examples\1-1-IIC驱动SSD1306\Src\/../Inc/OLED_Font.h:146: error 69: struct/union/array 'OLED_F8x16': initialization needs curly braces
.\User_examples\1-1-IIC驱动SSD1306\Src\/../Inc/OLED_Font.h:148: error 69: struct/union/array 'OLED_F8x16': initialization needs curly braces
.\User_examples\1-1-IIC驱动SSD1306\Src\/../Inc/OLED_Font.h:149: error 69: struct/union/array 'OLED_F8x16': initialization needs curly braces
.\User_examples\1-1-IIC驱动SSD1306\Src\/../Inc/OLED_Font.h:151: error 69: struct/union/array 'OLED_F8x16': initialization needs curly braces
.\User_examples\1-1-IIC驱动SSD1306\Src\/../Inc/OLED_Font.h:152: error 69: struct/union/array 'OLED_F8x16': initialization needs curly braces
.\User_examples\1-1-IIC驱动SSD1306\Src\/../Inc/OLED_Font.h:154: error 69: struct/union/array 'OLED_F8x16': initialization needs curly braces
.\User_examples\1-1-IIC驱动SSD1306\Src\/../Inc/OLED_Font.h:155: error 69: struct/union/array 'OLED_F8x16': initialization needs curly braces
.\User_examples\1-1-IIC驱动SSD1306\Src\/../Inc/OLED_Font.h:157: error 69: struct/union/array 'OLED_F8x16': initialization needs curly braces
.\User_examples\1-1-IIC驱动SSD1306\Src\/../Inc/OLED_Font.h:158: error 69: struct/union/array 'OLED_F8x16': initialization needs curly braces
.\User_examples\1-1-IIC驱动SSD1306\Src\/../Inc/OLED_Font.h:160: error 69: struct/union/array 'OLED_F8x16': initialization needs curly braces
.\User_examples\1-1-IIC驱动SSD1306\Src\/../Inc/OLED_Font.h:161: error 69: struct/union/array 'OLED_F8x16': initialization needs curly braces
.\User_examples\1-1-IIC驱动SSD1306\Src\/../Inc/OLED_Font.h:163: error 69: struct/union/array 'OLED_F8x16': initialization needs curly braces
.\User_examples\1-1-IIC驱动SSD1306\Src\/../Inc/OLED_Font.h:164: error 69: struct/union/array 'OLED_F8x16': initialization needs curly braces
.\User_examples\1-1-IIC驱动SSD1306\Src\/../Inc/OLED_Font.h:166: error 69: struct/union/array 'OLED_F8x16': initialization needs curly braces
.\User_examples\1-1-IIC驱动SSD1306\Src\/../Inc/OLED_Font.h:167: error 69: struct/union/array 'OLED_F8x16': initialization needs curly braces
.\User_examples\1-1-IIC驱动SSD1306\Src\/../Inc/OLED_Font.h:169: error 69: struct/union/array 'OLED_F8x16': initialization needs curly braces
.\User_examples\1-1-IIC驱动SSD1306\Src\/../Inc/OLED_Font.h:170: error 69: struct/union/array 'OLED_F8x16': initialization needs curly braces
.\User_examples\1-1-IIC驱动SSD1306\Src\/../Inc/OLED_Font.h:172: error 69: struct/union/array 'OLED_F8x16': initialization needs curly braces
.\User_examples\1-1-IIC驱动SSD1306\Src\/../Inc/OLED_Font.h:173: error 69: struct/union/array 'OLED_F8x16': initialization needs curly braces
.\User_examples\1-1-IIC驱动SSD1306\Src\/../Inc/OLED_Font.h:175: error 69: struct/union/array 'OLED_F8x16': initialization needs curly braces
.\User_examples\1-1-IIC驱动SSD1306\Src\/../Inc/OLED_Font.h:176: error 69: struct/union/array 'OLED_F8x16': initialization needs curly braces
.\User_examples\1-1-IIC驱动SSD1306\Src\/../Inc/OLED_Font.h:178: error 69: struct/union/array 'OLED_F8x16': initialization needs curly braces
.\User_examples\1-1-IIC驱动SSD1306\Src\/../Inc/OLED_Font.h:179: error 69: struct/union/array 'OLED_F8x16': initialization needs curly braces
.\User_examples\1-1-IIC驱动SSD1306\Src\/../Inc/OLED_Font.h:181: error 69: struct/union/array 'OLED_F8x16': initialization needs curly braces
.\User_examples\1-1-IIC驱动SSD1306\Src\/../Inc/OLED_Font.h:182: error 69: struct/union/array 'OLED_F8x16': initialization needs curly braces
.\User_examples\1-1-IIC驱动SSD1306\Src\/../Inc/OLED_Font.h:184: error 69: struct/union/array 'OLED_F8x16': initialization needs curly braces
.\User_examples\1-1-IIC驱动SSD1306\Src\/../Inc/OLED_Font.h:185: error 69: struct/union/array 'OLED_F8x16': initialization needs curly braces
.\User_examples\1-1-IIC驱动SSD1306\Src\/../Inc/OLED_Font.h:187: error 69: struct/union/array 'OLED_F8x16': initialization needs curly braces
.\User_examples\1-1-IIC驱动SSD1306\Src\/../Inc/OLED_Font.h:188: error 69: struct/union/array 'OLED_F8x16': initialization needs curly braces
.\User_examples\1-1-IIC驱动SSD1306\Src\/../Inc/OLED_Font.h:190: error 69: struct/union/array 'OLED_F8x16': initialization needs curly braces
.\User_examples\1-1-IIC驱动SSD1306\Src\/../Inc/OLED_Font.h:191: error 69: struct/union/array 'OLED_F8x16': initialization needs curly braces
.\User_examples\1-1-IIC驱动SSD1306\Src\/../Inc/OLED_Font.h:193: error 69: struct/union/array 'OLED_F8x16': initialization needs curly braces
.\User_examples\1-1-IIC驱动SSD1306\Src\/../Inc/OLED_Font.h:194: error 69: struct/union/array 'OLED_F8x16': initialization needs curly braces
.\User_examples\1-1-IIC驱动SSD1306\Src\/../Inc/OLED_Font.h:196: error 69: struct/union/array 'OLED_F8x16': initialization needs curly braces
.\User_examples\1-1-IIC驱动SSD1306\Src\/../Inc/OLED_Font.h:197: error 69: struct/union/array 'OLED_F8x16': initialization needs curly braces
.\User_examples\1-1-IIC驱动SSD1306\Src\/../Inc/OLED_Font.h:199: error 69: struct/union/array 'OLED_F8x16': initialization needs curly braces
.\User_examples\1-1-IIC驱动SSD1306\Src\/../Inc/OLED_Font.h:200: error 69: struct/union/array 'OLED_F8x16': initialization needs curly braces
.\User_examples\1-1-IIC驱动SSD1306\Src\/../Inc/OLED_Font.h:202: error 69: struct/union/array 'OLED_F8x16': initialization needs curly braces
.\User_examples\1-1-IIC驱动SSD1306\Src\/../Inc/OLED_Font.h:203: error 69: struct/union/array 'OLED_F8x16': initialization needs curly braces
.\User_examples\1-1-IIC驱动SSD1306\Src\/../Inc/OLED_Font.h:205: error 69: struct/union/array 'OLED_F8x16': initialization needs curly braces
.\User_examples\1-1-IIC驱动SSD1306\Src\/../Inc/OLED_Font.h:206: error 69: struct/union/array 'OLED_F8x16': initialization needs curly braces
.\User_examples\1-1-IIC驱动SSD1306\Src\/../Inc/OLED_Font.h:208: error 69: struct/union/array 'OLED_F8x16': initialization needs curly braces
.\User_examples\1-1-IIC驱动SSD1306\Src\/../Inc/OLED_Font.h:209: error 69: struct/union/array 'OLED_F8x16': initialization needs curly braces
.\User_examples\1-1-IIC驱动SSD1306\Src\/../Inc/OLED_Font.h:211: error 69: struct/union/array 'OLED_F8x16': initialization needs curly braces
.\User_examples\1-1-IIC驱动SSD1306\Src\/../Inc/OLED_Font.h:212: error 69: struct/union/array 'OLED_F8x16': initialization needs curly braces
.\User_examples\1-1-IIC驱动SSD1306\Src\/../Inc/OLED_Font.h:214: error 69: struct/union/array 'OLED_F8x16': initialization needs curly braces
.\User_examples\1-1-IIC驱动SSD1306\Src\/../Inc/OLED_Font.h:215: error 69: struct/union/array 'OLED_F8x16': initialization needs curly braces
.\User_examples\1-1-IIC驱动SSD1306\Src\/../Inc/OLED_Font.h:217: error 69: struct/union/array 'OLED_F8x16': initialization needs curly braces
.\User_examples\1-1-IIC驱动SSD1306\Src\/../Inc/OLED_Font.h:218: error 69: struct/union/array 'OLED_F8x16': initialization needs curly braces
.\User_examples\1-1-IIC驱动SSD1306\Src\/../Inc/OLED_Font.h:220: error 69: struct/union/array 'OLED_F8x16': initialization needs curly braces
.\User_examples\1-1-IIC驱动SSD1306\Src\/../Inc/OLED_Font.h:221: error 69: struct/union/array 'OLED_F8x16': initialization needs curly braces
.\User_examples\1-1-IIC驱动SSD1306\Src\/../Inc/OLED_Font.h:223: error 69: struct/union/array 'OLED_F8x16': initialization needs curly braces
.\User_examples\1-1-IIC驱动SSD1306\Src\/../Inc/OLED_Font.h:224: error 69: struct/union/array 'OLED_F8x16': initialization needs curly braces
.\User_examples\1-1-IIC驱动SSD1306\Src\/../Inc/OLED_Font.h:226: error 69: struct/union/array 'OLED_F8x16': initialization needs curly braces
.\User_examples\1-1-IIC驱动SSD1306\Src\/../Inc/OLED_Font.h:227: error 69: struct/union/array 'OLED_F8x16': initialization needs curly braces
.\User_examples\1-1-IIC驱动SSD1306\Src\/../Inc/OLED_Font.h:229: error 69: struct/union/array 'OLED_F8x16': initialization needs curly braces
.\User_examples\1-1-IIC驱动SSD1306\Src\/../Inc/OLED_Font.h:230: error 69: struct/union/array 'OLED_F8x16': initialization needs curly braces
.\User_examples\1-1-IIC驱动SSD1306\Src\/../Inc/OLED_Font.h:232: error 69: struct/union/array 'OLED_F8x16': initialization needs curly braces
.\User_examples\1-1-IIC驱动SSD1306\Src\/../Inc/OLED_Font.h:233: error 69: struct/union/array 'OLED_F8x16': initialization needs curly braces
.\User_examples\1-1-IIC驱动SSD1306\Src\/../Inc/OLED_Font.h:235: error 69: struct/union/array 'OLED_F8x16': initialization needs curly braces
.\User_examples\1-1-IIC驱动SSD1306\Src\/../Inc/OLED_Font.h:236: error 69: struct/union/array 'OLED_F8x16': initialization needs curly braces
.\User_examples\1-1-IIC驱动SSD1306\Src\/../Inc/OLED_Font.h:238: error 69: struct/union/array 'OLED_F8x16': initialization needs curly braces
.\User_examples\1-1-IIC驱动SSD1306\Src\/../Inc/OLED_Font.h:239: error 69: struct/union/array 'OLED_F8x16': initialization needs curly braces
.\User_examples\1-1-IIC驱动SSD1306\Src\/../Inc/OLED_Font.h:241: error 69: struct/union/array 'OLED_F8x16': initialization needs curly braces
.\User_examples\1-1-IIC驱动SSD1306\Src\/../Inc/OLED_Font.h:242: error 69: struct/union/array 'OLED_F8x16': initialization needs curly braces
.\User_examples\1-1-IIC驱动SSD1306\Src\/../Inc/OLED_Font.h:244: error 69: struct/union/array 'OLED_F8x16': initialization needs curly braces
.\User_examples\1-1-IIC驱动SSD1306\Src\/../Inc/OLED_Font.h:245: error 69: struct/union/array 'OLED_F8x16': initialization needs curly braces
.\User_examples\1-1-IIC驱动SSD1306\Src\/../Inc/OLED_Font.h:247: error 69: struct/union/array 'OLED_F8x16': initialization needs curly braces
.\User_examples\1-1-IIC驱动SSD1306\Src\/../Inc/OLED_Font.h:248: error 69: struct/union/array 'OLED_F8x16': initialization needs curly braces
.\User_examples\1-1-IIC驱动SSD1306\Src\/../Inc/OLED_Font.h:250: error 69: struct/union/array 'OLED_F8x16': initialization needs curly braces
.\User_examples\1-1-IIC驱动SSD1306\Src\/../Inc/OLED_Font.h:251: error 69: struct/union/array 'OLED_F8x16': initialization needs curly braces
.\User_examples\1-1-IIC驱动SSD1306\Src\/../Inc/OLED_Font.h:253: error 69: struct/union/array 'OLED_F8x16': initialization needs curly braces
.\User_examples\1-1-IIC驱动SSD1306\Src\/../Inc/OLED_Font.h:254: error 69: struct/union/array 'OLED_F8x16': initialization needs curly braces
.\User_examples\1-1-IIC驱动SSD1306\Src\/../Inc/OLED_Font.h:256: error 69: struct/union/array 'OLED_F8x16': initialization needs curly braces
.\User_examples\1-1-IIC驱动SSD1306\Src\/../Inc/OLED_Font.h:257: error 69: struct/union/array 'OLED_F8x16': initialization needs curly braces
.\User_examples\1-1-IIC驱动SSD1306\Src\/../Inc/OLED_Font.h:259: error 69: struct/union/array 'OLED_F8x16': initialization needs curly braces
.\User_examples\1-1-IIC驱动SSD1306\Src\/../Inc/OLED_Font.h:260: error 69: struct/union/array 'OLED_F8x16': initialization needs curly braces
.\User_examples\1-1-IIC驱动SSD1306\Src\/../Inc/OLED_Font.h:262: error 69: struct/union/array 'OLED_F8x16': initialization needs curly braces
.\User_examples\1-1-IIC驱动SSD1306\Src\/../Inc/OLED_Font.h:263: error 69: struct/union/array 'OLED_F8x16': initialization needs curly braces
.\User_examples\1-1-IIC驱动SSD1306\Src\/../Inc/OLED_Font.h:265: error 69: struct/union/array 'OLED_F8x16': initialization needs curly braces
.\User_examples\1-1-IIC驱动SSD1306\Src\/../Inc/OLED_Font.h:266: error 69: struct/union/array 'OLED_F8x16': initialization needs curly braces
.\User_examples\1-1-IIC驱动SSD1306\Src\/../Inc/OLED_Font.h:268: error 69: struct/union/array 'OLED_F8x16': initialization needs curly braces
.\User_examples\1-1-IIC驱动SSD1306\Src\/../Inc/OLED_Font.h:269: error 69: struct/union/array 'OLED_F8x16': initialization needs curly braces
.\User_examples\1-1-IIC驱动SSD1306\Src\/../Inc/OLED_Font.h:271: error 69: struct/union/array 'OLED_F8x16': initialization needs curly braces
.\User_examples\1-1-IIC驱动SSD1306\Src\/../Inc/OLED_Font.h:272: error 69: struct/union/array 'OLED_F8x16': initialization needs curly braces
.\User_examples\1-1-IIC驱动SSD1306\Src\/../Inc/OLED_Font.h:274: error 69: struct/union/array 'OLED_F8x16': initialization needs curly braces
.\User_examples\1-1-IIC驱动SSD1306\Src\/../Inc/OLED_Font.h:275: error 69: struct/union/array 'OLED_F8x16': initialization needs curly braces
.\User_examples\1-1-IIC驱动SSD1306\Src\/../Inc/OLED_Font.h:277: error 69: struct/union/array 'OLED_F8x16': initialization needs curly braces
.\User_examples\1-1-IIC驱动SSD1306\Src\/../Inc/OLED_Font.h:278: error 69: struct/union/array 'OLED_F8x16': initialization needs curly braces
.\User_examples\1-1-IIC驱动SSD1306\Src\/../Inc/OLED_Font.h:280: error 69: struct/union/array 'OLED_F8x16': initialization needs curly braces
.\User_examples\1-1-IIC驱动SSD1306\Src\/../Inc/OLED_Font.h:281: error 69: struct/union/array 'OLED_F8x16': initialization needs curly braces
.\User_examples\1-1-IIC驱动SSD1306\Src\/../Inc/OLED_Font.h:283: error 69: struct/union/array 'OLED_F8x16': initialization needs curly braces
.\User_examples\1-1-IIC驱动SSD1306\Src\/../Inc/OLED_Font.h:284: error 69: struct/union/array 'OLED_F8x16': initialization needs curly braces
.\User_examples\1-1-IIC驱动SSD1306\Src\/../Inc/OLED_Font.h:286: error 69: struct/union/array 'OLED_F8x16': initialization needs curly braces
.\User_examples\1-1-IIC驱动SSD1306\Src\/../Inc/OLED_Font.h:287: error 69: struct/union/array 'OLED_F8x16': initialization needs curly braces
.\User_examples\1-1-IIC驱动SSD1306\Src\/../Inc/OLED_Font.h:289: error 69: struct/union/array 'OLED_F8x16': initialization needs curly braces
.\User_examples\1-1-IIC驱动SSD1306\Src\/../Inc/OLED_Font.h:290: error 69: struct/union/array 'OLED_F8x16': initialization needs curly braces

[2021-12-25 14:12:25]	[done]
	build successfully !

[2021-12-25 14:12:28]	[done]
	build successfully !

[2021-12-25 14:15:56]	[done]
	build successfully !

[2021-12-25 14:19:22]	link failed !, exit code: 1
  at unify_builder.Program.Main (System.String[] args) [0x01752] in <0f7354d16e5d4dfcb9170e5e75cdfffa>:0 
---
?ASlink-Error-Could not get 46 consecutive bytes in internal RAM for area DSEG.


[2021-12-25 14:19:32]	link failed !, exit code: 1
  at unify_builder.Program.Main (System.String[] args) [0x01752] in <0f7354d16e5d4dfcb9170e5e75cdfffa>:0 
---
?ASlink-Error-Could not get 46 consecutive bytes in internal RAM for area DSEG.


[2021-12-25 14:20:33]	link failed !, exit code: 1
  at unify_builder.Program.Main (System.String[] args) [0x01752] in <0f7354d16e5d4dfcb9170e5e75cdfffa>:0 
---
?ASlink-Error-Could not get 46 consecutive bytes in internal RAM for area DSEG.


[2021-12-25 14:22:17]	link failed !, exit code: 1
  at unify_builder.Program.Main (System.String[] args) [0x01752] in <0f7354d16e5d4dfcb9170e5e75cdfffa>:0 
---
?ASlink-Error-Could not get 46 consecutive bytes in internal RAM for area DSEG.


[2021-12-25 14:23:52]	[done]
	build successfully !

[2021-12-25 14:26:52]	[done]
	build successfully !

[2021-12-25 14:26:57]	link failed !, exit code: 1
  at unify_builder.Program.Main (System.String[] args) [0x01752] in <0f7354d16e5d4dfcb9170e5e75cdfffa>:0 
---
?ASlink-Error-Could not get 46 consecutive bytes in internal RAM for area DSEG.


[2021-12-25 14:27:01]	[done]
	build successfully !

[2021-12-25 14:28:21]	[done]
	build successfully !

[2021-12-25 14:28:28]	[done]
	build successfully !

[2021-12-25 14:30:48]	[done]
	build successfully !

[2021-12-25 14:30:50]	[done]
	build successfully !

[2021-12-25 14:31:52]	[done]
	build successfully !

[2021-12-25 14:38:47]	[done]
	build successfully !

[2021-12-25 14:38:51]	[done]
	build successfully !

[2021-12-25 14:39:07]	[done]
	build successfully !

[2021-12-25 14:41:52]	[done]
	build successfully !

[2021-12-25 14:41:58]	[done]
	build successfully !

[2021-12-25 16:18:25]	[done]
	build successfully !

[2021-12-25 16:18:39]	[done]
	build successfully !

[2021-12-25 16:19:51]	[done]
	build successfully !

[2021-12-25 19:30:07]	[done]
	build successfully !

[2021-12-25 19:31:44]	[done]
	build successfully !

[2021-12-25 19:32:51]	[done]
	build successfully !

[2021-12-25 19:33:31]	[done]
	build successfully !

[2021-12-25 19:34:01]	[done]
	build successfully !

[2021-12-25 19:34:30]	[done]
	build successfully !

[2021-12-25 19:36:07]	[done]
	build successfully !

[2021-12-25 19:36:36]	[done]
	build successfully !

[2021-12-25 19:36:52]	[done]
	build successfully !

[2021-12-25 19:50:15]	[done]
	build successfully !

[2021-12-25 19:55:39]	[done]
	build successfully !

[2021-12-25 19:56:57]	[done]
	build successfully !

[2021-12-25 20:11:51]	[done]
	build successfully !

[2021-12-25 20:15:07]	[done]
	build successfully !

[2021-12-25 20:16:44]	[done]
	build successfully !

[2021-12-25 20:25:52]	[done]
	build successfully !

[2021-12-25 20:26:15]	[done]
	build successfully !

[2021-12-25 20:30:48]	[done]
	build successfully !

[2021-12-25 20:33:21]	compilation failed at : "e:\CanDelete\WCH_8051_projs\CH557_APPS\User_examples\1-2-硬件IIC驱动SSD1306\Src\SSD1306.c", exit code: 1
  at unify_builder.Program.Main (System.String[] args) [0x015d9] in <1a6542a3afb24227bcc008420103c187>:0 
---
In file included from .\User_examples\1-2-硬件IIC驱动SSD1306\Src\SSD1306.c:2:
./peripheral_lib/include/debug.h:31:1: warning: "FREQ_SYS" redefined
<command line>:1:1: error: this is the location of the previous definition
.\User_examples\1-2-硬件IIC驱动SSD1306\Src\SSD1306.c:22: warning 112: function 'OLED_W_SDA' implicit declaration
.\User_examples\1-2-硬件IIC驱动SSD1306\Src\SSD1306.c:24: warning 112: function 'OLED_W_SCL' implicit declaration
.\User_examples\1-2-硬件IIC驱动SSD1306\Src\SSD1306.c:26: warning 112: function 'OLED_W_SDA' implicit declaration
.\User_examples\1-2-硬件IIC驱动SSD1306\Src\SSD1306.c:28: warning 112: function 'OLED_W_SCL' implicit declaration
.\User_examples\1-2-硬件IIC驱动SSD1306\Src\SSD1306.c:22: error 101: too many parameters 
.\User_examples\1-2-硬件IIC驱动SSD1306\Src\SSD1306.c:24: error 101: too many parameters 
.\User_examples\1-2-硬件IIC驱动SSD1306\Src\SSD1306.c:26: error 101: too many parameters 
.\User_examples\1-2-硬件IIC驱动SSD1306\Src\SSD1306.c:28: error 101: too many parameters

[2021-12-25 20:34:38]	[done]
	build successfully !

[2021-12-25 20:39:55]	[done]
	build successfully !

[2021-12-25 20:40:10]	[done]
	build successfully !

[2021-12-25 20:40:27]	[done]
	build successfully !

[2021-12-25 20:40:31]	[done]
	build successfully !

[2021-12-25 20:41:08]	[done]
	build successfully !

[2021-12-25 20:42:04]	[done]
	build successfully !

[2021-12-25 20:42:16]	[done]
	build successfully !

[2021-12-25 20:42:39]	[done]
	build successfully !

[2021-12-25 20:44:06]	[done]
	build successfully !

[2021-12-25 20:44:16]	[done]
	build successfully !

[2021-12-25 20:45:16]	[done]
	build successfully !

[2021-12-25 20:45:22]	compilation failed at : "e:\CanDelete\WCH_8051_projs\CH557_APPS\User_examples\1-2-硬件IIC驱动SSD1306\Src\SSD1306.c", exit code: 1
  at unify_builder.Program.Main (System.String[] args) [0x015d9] in <1a6542a3afb24227bcc008420103c187>:0 
---
In file included from .\User_examples\1-2-硬件IIC驱动SSD1306\Src\SSD1306.c:2:
./peripheral_lib/include/debug.h:31:1: warning: "FREQ_SYS" redefined
<command line>:1:1: error: this is the location of the previous definition
.\User_examples\1-2-硬件IIC驱动SSD1306\Src\SSD1306.c:60: error 20: Undefined identifier 'xx'
.\User_examples\1-2-硬件IIC驱动SSD1306\Src\SSD1306.c:73: error 20: Undefined identifier 'xx'

[2021-12-25 20:45:25]	[done]
	build successfully !

[2021-12-25 20:46:09]	[done]
	build successfully !

[2021-12-25 20:46:20]	[done]
	build successfully !

[2021-12-25 20:47:00]	[done]
	build successfully !

[2021-12-25 20:47:13]	[done]
	build successfully !

[2021-12-25 21:03:22]	[done]
	build successfully !

[2021-12-25 21:05:27]	compilation failed at : "e:\CanDelete\WCH_8051_projs\CH557_APPS\User_examples\2-1-SPI驱动ST7735s\Src\ST7735s.c", exit code: 1
  at unify_builder.Program.Main (System.String[] args) [0x015d9] in <1a6542a3afb24227bcc008420103c187>:0 
---
.\User_examples\2-1-SPI驱动ST7735s\Src\ST7735s.c:72: warning 112: function 'SPI_WriteData' implicit declaration
.\User_examples\2-1-SPI驱动ST7735s\Src\ST7735s.c:72: error 101: too many parameters 
.\User_examples\2-1-SPI驱动ST7735s\Src\ST7735s.c:73: warning 85: in function Lcd_WriteIndex unreferenced function argument : 'Data'
.\User_examples\2-1-SPI驱动ST7735s\Src\ST7735s.c:80: warning 112: function 'SPI_WriteData' implicit declaration
.\User_examples\2-1-SPI驱动ST7735s\Src\ST7735s.c:80: error 101: too many parameters 
.\User_examples\2-1-SPI驱动ST7735s\Src\ST7735s.c:81: warning 85: in function Lcd_WriteData unreferenced function argument : 'Data'
.\User_examples\2-1-SPI驱动ST7735s\Src\ST7735s.c:88: warning 112: function 'SPI_WriteData' implicit declaration
.\User_examples\2-1-SPI驱动ST7735s\Src\ST7735s.c:89: warning 112: function 'SPI_WriteData' implicit declaration
.\User_examples\2-1-SPI驱动ST7735s\Src\ST7735s.c:88: error 101: too many parameters 
.\User_examples\2-1-SPI驱动ST7735s\Src\ST7735s.c:89: error 101: too many parameters 
.\User_examples\2-1-SPI驱动ST7735s\Src\ST7735s.c:90: warning 85: in function LCD_WriteData_16Bit unreferenced function argument : 'Data'
.\User_examples\2-1-SPI驱动ST7735s\Src\ST7735s.c:352: warning 112: function 'init_all_gpio_to_std8051_status' implicit declaration
.\User_examples\2-1-SPI驱动ST7735s\Src\ST7735s.c:353: warning 112: function 'SPI_WriteData_by_HW_Init' implicit declaration
-:0: warning 85: in function main1 unreferenced local variable : 'c'

[2021-12-25 21:05:57]	link failed !, exit code: 1
  at unify_builder.Program.Main (System.String[] args) [0x0177c] in <1a6542a3afb24227bcc008420103c187>:0 
---
?ASlink-Error-Could not get 46 consecutive bytes in internal RAM for area DSEG.
?ASlink-Warning-Undefined Global '_SPI_WriteData_by_HW_Init' referenced by module 'ST7735s'
?ASlink-Warning-Undefined Global '_init_all_gpio_to_std8051_status' referenced by module 'ST7735s'


[2021-12-25 21:06:25]	link failed !, exit code: 1
  at unify_builder.Program.Main (System.String[] args) [0x0177c] in <1a6542a3afb24227bcc008420103c187>:0 
---
?ASlink-Error-Could not get 46 consecutive bytes in internal RAM for area DSEG.


[2021-12-25 21:06:37]	[done]
	build successfully !

[2021-12-25 21:06:43]	[done]
	build successfully !

[2021-12-25 21:07:48]	[done]
	build successfully !

[2021-12-25 21:11:28]	[done]
	build successfully !

[2021-12-25 21:12:02]	[done]
	build successfully !

[2021-12-25 21:12:39]	[done]
	build successfully !

[2021-12-25 21:12:58]	[done]
	build successfully !

[2021-12-25 21:13:31]	compilation failed at : "e:\CanDelete\WCH_8051_projs\CH557_APPS\User_examples\2-1-SPI驱动ST7735s\Src\ST7735s.c", exit code: 1
  at unify_builder.Program.Main (System.String[] args) [0x015d9] in <1a6542a3afb24227bcc008420103c187>:0 
---
.\User_examples\2-1-SPI驱动ST7735s\Src\ST7735s.c:203: warning 158: overflow in implicit constant conversion
.\User_examples\2-1-SPI驱动ST7735s\Src\ST7735s.c:209: warning 158: overflow in implicit constant conversion
.\User_examples\2-1-SPI驱动ST7735s\Src\ST7735s.c:265: error 98: conflict with previous declaration of 'dsp_single_colour' for attribute 'type' at .\User_examples\2-1-SPI驱动ST7735s\Src\/../Inc/ST7735s.h:5
from type 'void function ( int fixed) fixed'
  to type 'void function ( unsigned-int fixed) fixed'

[2021-12-25 21:13:47]	[done]
	build successfully !

[2021-12-25 21:15:33]	[done]
	build successfully !

[2021-12-25 21:15:42]	[done]
	build successfully !

[2021-12-25 21:15:47]	link failed !, exit code: 1
  at unify_builder.Program.Main (System.String[] args) [0x0177c] in <1a6542a3afb24227bcc008420103c187>:0 
---
?ASlink-Error-Could not get 46 consecutive bytes in internal RAM for area DSEG.


[2021-12-25 21:15:56]	link failed !, exit code: 1
  at unify_builder.Program.Main (System.String[] args) [0x0177c] in <1a6542a3afb24227bcc008420103c187>:0 
---
?ASlink-Error-Could not get 46 consecutive bytes in internal RAM for area DSEG.


[2021-12-25 21:18:16]	link failed !, exit code: 1
  at unify_builder.Program.Main (System.String[] args) [0x0177c] in <1a6542a3afb24227bcc008420103c187>:0 
---
?ASlink-Error-Could not get 46 consecutive bytes in internal RAM for area DSEG.


[2021-12-25 21:19:32]	link failed !, exit code: 1
  at unify_builder.Program.Main (System.String[] args) [0x0177c] in <1a6542a3afb24227bcc008420103c187>:0 
---
?ASlink-Error-Could not get 46 consecutive bytes in internal RAM for area DSEG.


[2021-12-25 21:20:13]	link failed !, exit code: 1
  at unify_builder.Program.Main (System.String[] args) [0x0177c] in <1a6542a3afb24227bcc008420103c187>:0 
---
?ASlink-Error-Could not get 46 consecutive bytes in internal RAM for area DSEG.


[2021-12-25 21:23:12]	[done]
	build successfully !

[2021-12-25 21:44:22]	[done]
	build successfully !

[2021-12-25 21:47:22]	[done]
	build successfully !

[2021-12-25 21:50:43]	[done]
	build successfully !

[2021-12-25 21:50:52]	[done]
	build successfully !

[2021-12-25 21:54:14]	[done]
	build successfully !

[2021-12-25 21:54:50]	[done]
	build successfully !

[2021-12-25 21:57:43]	[done]
	build successfully !

[2021-12-25 21:59:18]	[done]
	build successfully !

[2021-12-25 22:00:13]	[done]
	build successfully !

[2021-12-25 22:01:23]	[done]
	build successfully !

[2021-12-25 22:01:27]	[done]
	build successfully !

[2021-12-25 22:07:40]	[done]
	build successfully !

[2021-12-25 22:08:17]	[done]
	build successfully !

[2021-12-25 22:09:10]	[done]
	build successfully !

[2021-12-25 22:09:36]	[done]
	build successfully !

[2021-12-25 22:09:50]	[done]
	build successfully !

[2021-12-25 22:10:22]	[done]
	build successfully !

[2021-12-25 22:11:43]	[done]
	build successfully !

[2021-12-25 22:14:44]	[done]
	build successfully !

[2021-12-25 22:15:52]	[done]
	build successfully !

[2021-12-25 22:15:58]	[done]
	build successfully !

[2021-12-25 22:16:11]	[done]
	build successfully !

[2021-12-25 22:21:09]	[done]
	build successfully !

[2021-12-25 22:25:09]	[done]
	build successfully !

[2021-12-25 22:25:56]	[done]
	build successfully !

[2021-12-25 22:28:56]	[done]
	build successfully !

[2021-12-25 22:29:08]	[done]
	build successfully !

[2021-12-25 22:29:34]	[done]
	build successfully !

[2021-12-25 22:29:47]	[done]
	build successfully !

[2021-12-25 22:29:59]	[done]
	build successfully !

[2021-12-25 22:33:15]	[done]
	build successfully !

[2021-12-25 22:34:52]	[done]
	build successfully !

[2021-12-25 22:45:28]	[done]
	build successfully !

[2021-12-25 22:46:10]	[done]
	build successfully !

[2021-12-25 22:47:04]	compilation failed at : "e:\CanDelete\WCH_8051_projs\CH557_APPS\User_examples\2-3-硬件SPI驱动ST7789\Src\ST7789.c", exit code: 1
  at unify_builder.Program.Main (System.String[] args) [0x015d9] in <1a6542a3afb24227bcc008420103c187>:0 
---
.\User_examples\2-3-硬件SPI驱动ST7789\Src\/../Inc/ST7789_font.h:10: error 69: struct/union/array 'hz16': initialization needs curly braces

[2021-12-25 22:48:24]	compilation failed at : "e:\CanDelete\WCH_8051_projs\CH557_APPS\User_examples\2-3-硬件SPI驱动ST7789\Src\ST7789.c", exit code: 1
  at unify_builder.Program.Main (System.String[] args) [0x015d9] in <1a6542a3afb24227bcc008420103c187>:0 
---
.\User_examples\2-3-硬件SPI驱动ST7789\Src\/../Inc/ST7789_font.h:52: warning 147: excess elements in array of chars initializer after 'hz16'
.\User_examples\2-3-硬件SPI驱动ST7789\Src\/../Inc/ST7789_font.h:11: error 69: struct/union/array 'hz16': initialization needs curly braces
.\User_examples\2-3-硬件SPI驱动ST7789\Src\/../Inc/ST7789_font.h:13: error 69: struct/union/array 'hz16': initialization needs curly braces
.\User_examples\2-3-硬件SPI驱动ST7789\Src\/../Inc/ST7789_font.h:15: error 69: struct/union/array 'hz16': initialization needs curly braces
.\User_examples\2-3-硬件SPI驱动ST7789\Src\/../Inc/ST7789_font.h:17: error 69: struct/union/array 'hz16': initialization needs curly braces
.\User_examples\2-3-硬件SPI驱动ST7789\Src\/../Inc/ST7789_font.h:19: error 69: struct/union/array 'hz16': initialization needs curly braces
.\User_examples\2-3-硬件SPI驱动ST7789\Src\/../Inc/ST7789_font.h:21: error 69: struct/union/array 'hz16': initialization needs curly braces
.\User_examples\2-3-硬件SPI驱动ST7789\Src\/../Inc/ST7789_font.h:23: error 69: struct/union/array 'hz16': initialization needs curly braces
.\User_examples\2-3-硬件SPI驱动ST7789\Src\/../Inc/ST7789_font.h:25: error 69: struct/union/array 'hz16': initialization needs curly braces
.\User_examples\2-3-硬件SPI驱动ST7789\Src\/../Inc/ST7789_font.h:27: error 69: struct/union/array 'hz16': initialization needs curly braces
.\User_examples\2-3-硬件SPI驱动ST7789\Src\/../Inc/ST7789_font.h:29: error 69: struct/union/array 'hz16': initialization needs curly braces
.\User_examples\2-3-硬件SPI驱动ST7789\Src\/../Inc/ST7789_font.h:31: error 69: struct/union/array 'hz16': initialization needs curly braces
.\User_examples\2-3-硬件SPI驱动ST7789\Src\/../Inc/ST7789_font.h:33: error 69: struct/union/array 'hz16': initialization needs curly braces
.\User_examples\2-3-硬件SPI驱动ST7789\Src\/../Inc/ST7789_font.h:35: error 69: struct/union/array 'hz16': initialization needs curly braces
.\User_examples\2-3-硬件SPI驱动ST7789\Src\/../Inc/ST7789_font.h:37: error 69: struct/union/array 'hz16': initialization needs curly braces
.\User_examples\2-3-硬件SPI驱动ST7789\Src\/../Inc/ST7789_font.h:39: error 69: struct/union/array 'hz16': initialization needs curly braces
.\User_examples\2-3-硬件SPI驱动ST7789\Src\/../Inc/ST7789_font.h:41: error 69: struct/union/array 'hz16': initialization needs curly braces
.\User_examples\2-3-硬件SPI驱动ST7789\Src\/../Inc/ST7789_font.h:43: error 69: struct/union/array 'hz16': initialization needs curly braces
.\User_examples\2-3-硬件SPI驱动ST7789\Src\/../Inc/ST7789_font.h:45: error 69: struct/union/array 'hz16': initialization needs curly braces
.\User_examples\2-3-硬件SPI驱动ST7789\Src\/../Inc/ST7789_font.h:47: error 69: struct/union/array 'hz16': initialization needs curly braces
.\User_examples\2-3-硬件SPI驱动ST7789\Src\/../Inc/ST7789_font.h:49: error 69: struct/union/array 'hz16': initialization needs curly braces
.\User_examples\2-3-硬件SPI驱动ST7789\Src\/../Inc/ST7789_font.h:51: error 69: struct/union/array 'hz16': initialization needs curly braces

[2021-12-25 22:50:44]	[done]
	build successfully !

[2021-12-25 22:52:56]	[done]
	build successfully !

[2021-12-25 22:53:35]	[done]
	build successfully !

[2021-12-25 22:55:33]	[done]
	build successfully !

[2021-12-25 22:57:12]	[done]
	build successfully !

[2021-12-25 22:57:31]	[done]
	build successfully !

[2021-12-25 22:59:46]	[done]
	build successfully !

[2021-12-25 23:02:52]	[done]
	build successfully !

[2021-12-25 23:09:52]	[done]
	build successfully !

[2021-12-25 23:10:23]	[done]
	build successfully !

[2021-12-25 23:12:47]	[done]
	build successfully !

[2021-12-25 23:21:51]	[done]
	build successfully !

[2021-12-25 23:22:40]	[done]
	build successfully !

[2021-12-26 00:15:24]	[done]
	build successfully !

[2021-12-26 00:16:08]	[done]
	build successfully !

[2021-12-26 01:00:28]	[done]
	build successfully !

[2021-12-26 10:10:29]	[done]
	build successfully !

[2021-12-26 10:12:04]	[done]
	build successfully !

[2021-12-26 10:27:38]	[done]
	build successfully !

[2021-12-26 10:29:00]	[done]
	build successfully !

[2021-12-26 10:31:45]	[done]
	build successfully !

[2021-12-26 10:42:50]	[done]
	build successfully !

[2021-12-26 10:44:34]	[done]
	build successfully !

[2021-12-26 10:47:35]	compilation failed at : "e:\CanDelete\WCH_8051_projs\CH557_APPS\User_examples\2-2-硬件SPI驱动ST7735s\Src\main.c", exit code: 1
  at unify_builder.Program.Main (System.String[] args) [0x015d9] in <1a6542a3afb24227bcc008420103c187>:0 
---
.\User_examples\2-2-硬件SPI驱动ST7735s\Src\main.c:14: warning 112: function 'SPI_WriteWS2812_Byte' implicit declaration
.\User_examples\2-2-硬件SPI驱动ST7735s\Src\main.c:14: error 101: too many parameters

[2021-12-26 10:48:07]	[done]
	build successfully !

[2021-12-26 10:50:16]	compilation failed at : "e:\CanDelete\WCH_8051_projs\CH557_APPS\User_examples\2-2-硬件SPI驱动ST7735s\Src\main.c", exit code: 1
  at unify_builder.Program.Main (System.String[] args) [0x015d9] in <1a6542a3afb24227bcc008420103c187>:0 
---
.\User_examples\2-2-硬件SPI驱动ST7735s\Src\main.c:24: syntax error: token -> '}' ; column 5

[2021-12-26 10:50:40]	[done]
	build successfully !

[2021-12-26 10:51:51]	[done]
	build successfully !

[2021-12-26 10:58:12]	[done]
	build successfully !

[2021-12-26 10:58:58]	[done]
	build successfully !

[2021-12-26 10:59:56]	[done]
	build successfully !

[2021-12-26 11:03:17]	[done]
	build successfully !

[2021-12-26 11:09:22]	[done]
	build successfully !

[2021-12-26 11:13:40]	[done]
	build successfully !

[2021-12-26 11:14:15]	[done]
	build successfully !

[2021-12-26 11:14:39]	[done]
	build successfully !

[2021-12-26 11:15:15]	[done]
	build successfully !

[2021-12-26 11:15:32]	[done]
	build successfully !

[2021-12-26 11:15:48]	[done]
	build successfully !

[2021-12-26 11:18:46]	[done]
	build successfully !

[2021-12-26 12:10:22]	compilation failed at : "e:\CanDelete\WCH_8051_projs\CH557_APPS\User_examples\2-4-ST7735+五向按键做一个贪吃蛇\Src\Gluttonous_Snake.c", exit code: 1
  at unify_builder.Program.Main (System.String[] args) [0x015d9] in <1a6542a3afb24227bcc008420103c187>:0 
---
.\User_examples\2-4-ST7735+五向按键做一个贪吃蛇\Src\Gluttonous_Snake.c:14: warning 112: function 'lcd_initial' implicit declaration
.\User_examples\2-4-ST7735+五向按键做一个贪吃蛇\Src\Gluttonous_Snake.c:15: warning 112: function 'dsp_single_colour' implicit declaration
.\User_examples\2-4-ST7735+五向按键做一个贪吃蛇\Src\Gluttonous_Snake.c:16: warning 112: function 'Display_Desc' implicit declaration
.\User_examples\2-4-ST7735+五向按键做一个贪吃蛇\Src\Gluttonous_Snake.c:15: error 101: too many parameters

[2021-12-26 12:10:36]	link failed !, exit code: 1
  at unify_builder.Program.Main (System.String[] args) [0x0177c] in <1a6542a3afb24227bcc008420103c187>:0 
---
?ASlink-Warning-Undefined Global '_LCD_Init' referenced by module 'main'
?ASlink-Warning-Undefined Global '_LCD_Clear' referenced by module 'main'


[2021-12-26 12:11:13]	link failed !, exit code: 1
  at unify_builder.Program.Main (System.String[] args) [0x0177c] in <1a6542a3afb24227bcc008420103c187>:0 
---
?ASlink-Warning-Undefined Global '_LCD_Init' referenced by module 'main'
?ASlink-Warning-Undefined Global '_LCD_Clear' referenced by module 'main'


[2021-12-26 21:12:53]	compilation failed at : "e:\CanDelete\WCH_8051_projs\CH557_APPS\User_examples\2-4-ST7735+五向按键做一个贪吃蛇\Src\ST7735s.c", exit code: 1
  at unify_builder.Program.Main (System.String[] args) [0x015d9] in <1a6542a3afb24227bcc008420103c187>:0 
---
.\User_examples\2-4-ST7735+五向按键做一个贪吃蛇\Src\ST7735s.c:303: warning 112: function 'LCD_direction' implicit declaration
.\User_examples\2-4-ST7735+五向按键做一个贪吃蛇\Src\ST7735s.c:303: error 101: too many parameters

[2021-12-26 21:13:40]	[done]
	build successfully !

[2021-12-26 21:13:48]	[done]
	build successfully !

[2021-12-26 21:15:24]	[done]
	build successfully !

[2021-12-26 21:16:51]	[done]
	build successfully !

[2021-12-26 21:17:21]	[done]
	build successfully !

[2021-12-26 21:21:31]	[done]
	build successfully !

[2021-12-26 21:21:46]	[done]
	build successfully !

[2021-12-26 21:22:06]	[done]
	build successfully !

[2021-12-26 21:33:02]	compilation failed at : "e:\CanDelete\WCH_8051_projs\CH557_APPS\User_examples\2-4-ST7735+五向按键做一个贪吃蛇\Src\ST7735s_test.c", exit code: 1
  at unify_builder.Program.Main (System.String[] args) [0x015d9] in <1a6542a3afb24227bcc008420103c187>:0 
---
.\User_examples\2-4-ST7735+五向按键做一个贪吃蛇\Src\/../Inc/st7735s_096_pic.h:58: error 1: Syntax error, declaration ignored at 'code'
.\User_examples\2-4-ST7735+五向按键做一个贪吃蛇\Src\ST7735s_test.c:65: syntax error: token -> '{' ; column 1
.\User_examples\2-4-ST7735+五向按键做一个贪吃蛇\Src\ST7735s_test.c:67: error 7: Old style C declaration. IGNORED 'gImage_qq'
sdcpp.exe: fatal error: when writing output to : Invalid argument

[2021-12-26 21:33:13]	compilation failed at : "e:\CanDelete\WCH_8051_projs\CH557_APPS\User_examples\2-4-ST7735+五向按键做一个贪吃蛇\Src\ST7735s_test.c", exit code: 1
  at unify_builder.Program.Main (System.String[] args) [0x015d9] in <1a6542a3afb24227bcc008420103c187>:0 
---
.\User_examples\2-4-ST7735+五向按键做一个贪吃蛇\Src\ST7735s_test.c:139: warning 112: function 'delay_ms' implicit declaration
.\User_examples\2-4-ST7735+五向按键做一个贪吃蛇\Src\ST7735s_test.c:140: warning 112: function 'delay_ms' implicit declaration
.\User_examples\2-4-ST7735+五向按键做一个贪吃蛇\Src\ST7735s_test.c:139: error 101: too many parameters 
.\User_examples\2-4-ST7735+五向按键做一个贪吃蛇\Src\ST7735s_test.c:140: error 101: too many parameters 
.\User_examples\2-4-ST7735+五向按键做一个贪吃蛇\Src\ST7735s_test.c:172: warning 112: function 'delay_ms' implicit declaration
.\User_examples\2-4-ST7735+五向按键做一个贪吃蛇\Src\ST7735s_test.c:173: warning 112: function 'delay_ms' implicit declaration
.\User_examples\2-4-ST7735+五向按键做一个贪吃蛇\Src\ST7735s_test.c:172: error 101: too many parameters 
.\User_examples\2-4-ST7735+五向按键做一个贪吃蛇\Src\ST7735s_test.c:173: error 101: too many parameters 
.\User_examples\2-4-ST7735+五向按键做一个贪吃蛇\Src\ST7735s_test.c:187: warning 112: function 'delay_ms' implicit declaration
.\User_examples\2-4-ST7735+五向按键做一个贪吃蛇\Src\ST7735s_test.c:189: warning 112: function 'delay_ms' implicit declaration
.\User_examples\2-4-ST7735+五向按键做一个贪吃蛇\Src\ST7735s_test.c:191: warning 112: function 'delay_ms' implicit declaration
.\User_examples\2-4-ST7735+五向按键做一个贪吃蛇\Src\ST7735s_test.c:193: warning 112: function 'delay_ms' implicit declaration
.\User_examples\2-4-ST7735+五向按键做一个贪吃蛇\Src\ST7735s_test.c:187: error 101: too many parameters 
.\User_examples\2-4-ST7735+五向按键做一个贪吃蛇\Src\ST7735s_test.c:189: error 101: too many parameters 
.\User_examples\2-4-ST7735+五向按键做一个贪吃蛇\Src\ST7735s_test.c:191: error 101: too many parameters 
.\User_examples\2-4-ST7735+五向按键做一个贪吃蛇\Src\ST7735s_test.c:193: error 101: too many parameters 
.\User_examples\2-4-ST7735+五向按键做一个贪吃蛇\Src\ST7735s_test.c:228: warning 112: function 'delay_ms' implicit declaration
.\User_examples\2-4-ST7735+五向按键做一个贪吃蛇\Src\ST7735s_test.c:242: warning 112: function 'delay_ms' implicit declaration
.\User_examples\2-4-ST7735+五向按键做一个贪吃蛇\Src\ST7735s_test.c:228: error 101: too many parameters 
.\User_examples\2-4-ST7735+五向按键做一个贪吃蛇\Src\ST7735s_test.c:242: error 101: too many parameters 
.\User_examples\2-4-ST7735+五向按键做一个贪吃蛇\Src\ST7735s_test.c:274: warning 112: function 'delay_ms' implicit declaration
.\User_examples\2-4-ST7735+五向按键做一个贪吃蛇\Src\ST7735s_test.c:285: warning 112: function 'delay_ms' implicit declaration
.\User_examples\2-4-ST7735+五向按键做一个贪吃蛇\Src\ST7735s_test.c:274: error 101: too many parameters 
.\User_examples\2-4-ST7735+五向按键做一个贪吃蛇\Src\ST7735s_test.c:285: error 101: too many parameters 
.\User_examples\2-4-ST7735+五向按键做一个贪吃蛇\Src\ST7735s_test.c:310: warning 112: function 'delay_ms' implicit declaration
.\User_examples\2-4-ST7735+五向按键做一个贪吃蛇\Src\ST7735s_test.c:328: warning 112: function 'delay_ms' implicit declaration
.\User_examples\2-4-ST7735+五向按键做一个贪吃蛇\Src\ST7735s_test.c:340: warning 112: function 'delay_ms' implicit declaration
.\User_examples\2-4-ST7735+五向按键做一个贪吃蛇\Src\ST7735s_test.c:310: error 101: too many parameters 
.\User_examples\2-4-ST7735+五向按键做一个贪吃蛇\Src\ST7735s_test.c:328: error 101: too many parameters 
.\User_examples\2-4-ST7735+五向按键做一个贪吃蛇\Src\ST7735s_test.c:340: error 101: too many parameters 
.\User_examples\2-4-ST7735+五向按键做一个贪吃蛇\Src\ST7735s_test.c:376: warning 112: function 'delay_ms' implicit declaration
.\User_examples\2-4-ST7735+五向按键做一个贪吃蛇\Src\ST7735s_test.c:390: warning 112: function 'delay_ms' implicit declaration
.\User_examples\2-4-ST7735+五向按键做一个贪吃蛇\Src\ST7735s_test.c:376: error 101: too many parameters 
.\User_examples\2-4-ST7735+五向按键做一个贪吃蛇\Src\ST7735s_test.c:390: error 101: too many parameters 
.\User_examples\2-4-ST7735+五向按键做一个贪吃蛇\Src\ST7735s_test.c:414: warning 112: function 'delay_ms' implicit declaration
.\User_examples\2-4-ST7735+五向按键做一个贪吃蛇\Src\ST7735s_test.c:428: warning 112: function 'delay_ms' implicit declaration
.\User_examples\2-4-ST7735+五向按键做一个贪吃蛇\Src\ST7735s_test.c:436: warning 112: function 'delay_ms' implicit declaration
.\User_examples\2-4-ST7735+五向按键做一个贪吃蛇\Src\ST7735s_test.c:414: error 101: too many parameters 
.\User_examples\2-4-ST7735+五向按键做一个贪吃蛇\Src\ST7735s_test.c:428: error 101: too many parameters 
.\User_examples\2-4-ST7735+五向按键做一个贪吃蛇\Src\ST7735s_test.c:436: error 101: too many parameters 
.\User_examples\2-4-ST7735+五向按键做一个贪吃蛇\Src\ST7735s_test.c:477: warning 112: function 'delay_ms' implicit declaration
.\User_examples\2-4-ST7735+五向按键做一个贪吃蛇\Src\ST7735s_test.c:477: error 101: too many parameters 
.\User_examples\2-4-ST7735+五向按键做一个贪吃蛇\Src\ST7735s_test.c:497: warning 112: function 'delay_ms' implicit declaration
.\User_examples\2-4-ST7735+五向按键做一个贪吃蛇\Src\ST7735s_test.c:497: error 101: too many parameters 
.\User_examples\2-4-ST7735+五向按键做一个贪吃蛇\Src\ST7735s_test.c:520: warning 112: function 'Convert_Pos' implicit declaration
.\User_examples\2-4-ST7735+五向按键做一个贪吃蛇\Src\ST7735s_test.c:536: warning 112: function 'delay_ms' implicit declaration
.\User_examples\2-4-ST7735+五向按键做一个贪吃蛇\Src\ST7735s_test.c:540: warning 112: function 'TP_Draw_Big_Point' implicit declaration
.\User_examples\2-4-ST7735+五向按键做一个贪吃蛇\Src\ST7735s_test.c:542: warning 112: function 'delay_ms' implicit declaration
.\User_examples\2-4-ST7735+五向按键做一个贪吃蛇\Src\ST7735s_test.c:522: error 20: Undefined identifier 'tp_pixlcd'
.\User_examples\2-4-ST7735+五向按键做一个贪吃蛇\Src\ST7735s_test.c:522: error 25: Structure/Union expected left of '.->'
.\User_examples\2-4-ST7735+五向按键做一个贪吃蛇\Src\ST7735s_test.c:524: error 20: Undefined identifier 'tp_pixlcd'
.\User_examples\2-4-ST7735+五向按键做一个贪吃蛇\Src\ST7735s_test.c:524: error 25: Structure/Union expected left of '.->'
.\User_examples\2-4-ST7735+五向按键做一个贪吃蛇\Src\ST7735s_test.c:531: error 20: Undefined identifier 'tp_pixlcd'
.\User_examples\2-4-ST7735+五向按键做一个贪吃蛇\Src\ST7735s_test.c:531: error 25: Structure/Union expected left of '.->'
.\User_examples\2-4-ST7735+五向按键做一个贪吃蛇\Src\ST7735s_test.c:536: error 101: too many parameters 
.\User_examples\2-4-ST7735+五向按键做一个贪吃蛇\Src\ST7735s_test.c:540: error 101: too many parameters 
.\User_examples\2-4-ST7735+五向按键做一个贪吃蛇\Src\ST7735s_test.c:542: error 101: too many parameters

[2021-12-26 21:34:07]	compilation failed at : "e:\CanDelete\WCH_8051_projs\CH557_APPS\User_examples\2-4-ST7735+五向按键做一个贪吃蛇\Src\ST7735s_test.c", exit code: 1
  at unify_builder.Program.Main (System.String[] args) [0x015d9] in <1a6542a3afb24227bcc008420103c187>:0 
---
.\User_examples\2-4-ST7735+五向按键做一个贪吃蛇\Src\ST7735s_test.c:492: warning 196: pointer target lost const qualifier
.\User_examples\2-4-ST7735+五向按键做一个贪吃蛇\Src\ST7735s_test.c:522: warning 112: function 'Convert_Pos' implicit declaration
.\User_examples\2-4-ST7735+五向按键做一个贪吃蛇\Src\ST7735s_test.c:542: warning 112: function 'TP_Draw_Big_Point' implicit declaration
.\User_examples\2-4-ST7735+五向按键做一个贪吃蛇\Src\ST7735s_test.c:524: error 20: Undefined identifier 'tp_pixlcd'
.\User_examples\2-4-ST7735+五向按键做一个贪吃蛇\Src\ST7735s_test.c:524: error 25: Structure/Union expected left of '.->'
.\User_examples\2-4-ST7735+五向按键做一个贪吃蛇\Src\ST7735s_test.c:526: error 20: Undefined identifier 'tp_pixlcd'
.\User_examples\2-4-ST7735+五向按键做一个贪吃蛇\Src\ST7735s_test.c:526: error 25: Structure/Union expected left of '.->'
.\User_examples\2-4-ST7735+五向按键做一个贪吃蛇\Src\ST7735s_test.c:533: error 20: Undefined identifier 'tp_pixlcd'
.\User_examples\2-4-ST7735+五向按键做一个贪吃蛇\Src\ST7735s_test.c:533: error 25: Structure/Union expected left of '.->'
.\User_examples\2-4-ST7735+五向按键做一个贪吃蛇\Src\ST7735s_test.c:542: error 101: too many parameters

[2021-12-26 21:34:54]	compilation failed at : "e:\CanDelete\WCH_8051_projs\CH557_APPS\User_examples\2-4-ST7735+五向按键做一个贪吃蛇\Src\ST7735s_test.c", exit code: 1
  at unify_builder.Program.Main (System.String[] args) [0x015d9] in <1a6542a3afb24227bcc008420103c187>:0 
---
.\User_examples\2-4-ST7735+五向按键做一个贪吃蛇\Src\ST7735s_test.c:492: warning 196: pointer target lost const qualifier
.\User_examples\2-4-ST7735+五向按键做一个贪吃蛇\Src\ST7735s_test.c:522: warning 112: function 'Convert_Pos' implicit declaration
.\User_examples\2-4-ST7735+五向按键做一个贪吃蛇\Src\ST7735s_test.c:542: warning 112: function 'TP_Draw_Big_Point' implicit declaration
.\User_examples\2-4-ST7735+五向按键做一个贪吃蛇\Src\ST7735s_test.c:524: error 20: Undefined identifier 'tp_pixlcd'
.\User_examples\2-4-ST7735+五向按键做一个贪吃蛇\Src\ST7735s_test.c:524: error 25: Structure/Union expected left of '.->'
.\User_examples\2-4-ST7735+五向按键做一个贪吃蛇\Src\ST7735s_test.c:526: error 20: Undefined identifier 'tp_pixlcd'
.\User_examples\2-4-ST7735+五向按键做一个贪吃蛇\Src\ST7735s_test.c:526: error 25: Structure/Union expected left of '.->'
.\User_examples\2-4-ST7735+五向按键做一个贪吃蛇\Src\ST7735s_test.c:533: error 20: Undefined identifier 'tp_pixlcd'
.\User_examples\2-4-ST7735+五向按键做一个贪吃蛇\Src\ST7735s_test.c:533: error 25: Structure/Union expected left of '.->'
.\User_examples\2-4-ST7735+五向按键做一个贪吃蛇\Src\ST7735s_test.c:542: error 101: too many parameters

[2021-12-26 21:35:58]	compilation failed at : "e:\CanDelete\WCH_8051_projs\CH557_APPS\User_examples\2-4-ST7735+五向按键做一个贪吃蛇\Src\st7735s_096_font.c", exit code: 1
  at unify_builder.Program.Main (System.String[] args) [0x015d9] in <1a6542a3afb24227bcc008420103c187>:0 
---
.\User_examples\2-4-ST7735+五向按键做一个贪吃蛇\Src\st7735s_096_font.c:1:23: fatal error: font\font.h: No such file or directory
compilation terminated.
.\User_examples\2-4-ST7735+五向按键做一个贪吃蛇\Src\st7735s_096_font.c:1: warning 190: ISO C forbids an empty source file

[2021-12-26 21:36:23]	compilation failed at : "e:\CanDelete\WCH_8051_projs\CH557_APPS\User_examples\2-4-ST7735+五向按键做一个贪吃蛇\Src\st7735s_gui.c", exit code: 1
  at unify_builder.Program.Main (System.String[] args) [0x015d9] in <1a6542a3afb24227bcc008420103c187>:0 
---
.\User_examples\2-4-ST7735+五向按键做一个贪吃蛇\Src\st7735s_gui.c:46:17: fatal error: lcd.h: No such file or directory
compilation terminated.
.\User_examples\2-4-ST7735+五向按键做一个贪吃蛇\Src\st7735s_gui.c:1: warning 190: ISO C forbids an empty source file

[2021-12-26 21:37:02]	compilation failed at : "e:\CanDelete\WCH_8051_projs\CH557_APPS\User_examples\2-4-ST7735+五向按键做一个贪吃蛇\Src\st7735s_gui.c", exit code: 1
  at unify_builder.Program.Main (System.String[] args) [0x015d9] in <1a6542a3afb24227bcc008420103c187>:0 
---
.\User_examples\2-4-ST7735+五向按键做一个贪吃蛇\Src\/../Inc/st7735s_096_font.h:10: error 1: Syntax error, declaration ignored at 'code'
.\User_examples\2-4-ST7735+五向按键做一个贪吃蛇\Src\/../Inc/st7735s_096_font.h:115: syntax error: token -> 'code' ; column 4
.\User_examples\2-4-ST7735+五向按键做一个贪吃蛇\Src\/../Inc/st7735s_096_font.h:211: error 7: Old style C declaration. IGNORED 'asc2_1206'
sdcpp.exe: fatal error: when writing output to : Invalid argument

[2021-12-26 21:37:12]	compilation failed at : "e:\CanDelete\WCH_8051_projs\CH557_APPS\User_examples\2-4-ST7735+五向按键做一个贪吃蛇\Src\st7735s_gui.c", exit code: 1
  at unify_builder.Program.Main (System.String[] args) [0x015d9] in <1a6542a3afb24227bcc008420103c187>:0 
---
.\User_examples\2-4-ST7735+五向按键做一个贪吃蛇\Src\/../Inc/st7735s_096_font.h:115: error 1: Syntax error, declaration ignored at 'code'
.\User_examples\2-4-ST7735+五向按键做一个贪吃蛇\Src\/../Inc/st7735s_096_font.h:220: syntax error: token -> 'code' ; column 4
.\User_examples\2-4-ST7735+五向按键做一个贪吃蛇\Src\/../Inc/st7735s_096_font.h:350: error 7: Old style C declaration. IGNORED 'asc2_1608'
sdcpp.exe: fatal error: when writing output to : Invalid argument

[2021-12-26 21:37:20]	compilation failed at : "e:\CanDelete\WCH_8051_projs\CH557_APPS\User_examples\2-4-ST7735+五向按键做一个贪吃蛇\Src\st7735s_gui.c", exit code: 1
  at unify_builder.Program.Main (System.String[] args) [0x015d9] in <1a6542a3afb24227bcc008420103c187>:0 
---
.\User_examples\2-4-ST7735+五向按键做一个贪吃蛇\Src\/../Inc/st7735s_096_font.h:220: error 1: Syntax error, declaration ignored at 'code'
.\User_examples\2-4-ST7735+五向按键做一个贪吃蛇\Src\/../Inc/st7735s_096_font.h:359: syntax error: token -> 'code' ; column 4
.\User_examples\2-4-ST7735+五向按键做一个贪吃蛇\Src\/../Inc/st7735s_096_font.h:396: error 7: Old style C declaration. IGNORED 'tfont16'
sdcpp.exe: fatal error: when writing output to : Invalid argument

[2021-12-26 21:38:05]	compilation failed at : "e:\CanDelete\WCH_8051_projs\CH557_APPS\User_examples\2-4-ST7735+五向按键做一个贪吃蛇\Src\st7735s_gui.c", exit code: 1
  at unify_builder.Program.Main (System.String[] args) [0x015d9] in <1a6542a3afb24227bcc008420103c187>:0 
---
.\User_examples\2-4-ST7735+五向按键做一个贪吃蛇\Src\/../Inc/st7735s_096_font.h:359: error 1: Syntax error, declaration ignored at 'code'
.\User_examples\2-4-ST7735+五向按键做一个贪吃蛇\Src\/../Inc/st7735s_096_font.h:405: syntax error: token -> 'code' ; column 4
.\User_examples\2-4-ST7735+五向按键做一个贪吃蛇\Src\/../Inc/st7735s_096_font.h:439: error 7: Old style C declaration. IGNORED 'tfont24'
sdcpp.exe: fatal error: when writing output to : Invalid argument

[2021-12-26 21:38:12]	compilation failed at : "e:\CanDelete\WCH_8051_projs\CH557_APPS\User_examples\2-4-ST7735+五向按键做一个贪吃蛇\Src\st7735s_gui.c", exit code: 1
  at unify_builder.Program.Main (System.String[] args) [0x015d9] in <1a6542a3afb24227bcc008420103c187>:0 
---
.\User_examples\2-4-ST7735+五向按键做一个贪吃蛇\Src\/../Inc/st7735s_096_font.h:405: error 1: Syntax error, declaration ignored at 'code'
.\User_examples\2-4-ST7735+五向按键做一个贪吃蛇\Src\st7735s_gui.c:62: syntax error: token -> '{' ; column 1
.\User_examples\2-4-ST7735+五向按键做一个贪吃蛇\Src\st7735s_gui.c:63: error 7: Old style C declaration. IGNORED 'tfont32'
sdcpp.exe: fatal error: when writing output to : Invalid argument

[2021-12-26 21:38:19]	compilation failed at : "e:\CanDelete\WCH_8051_projs\CH557_APPS\User_examples\2-4-ST7735+五向按键做一个贪吃蛇\Src\st7735s_gui.c", exit code: 1
  at unify_builder.Program.Main (System.String[] args) [0x015d9] in <1a6542a3afb24227bcc008420103c187>:0 
---
.\User_examples\2-4-ST7735+五向按键做一个贪吃蛇\Src\st7735s_gui.c:63: warning 112: function 'LCD_SetCursor' implicit declaration
.\User_examples\2-4-ST7735+五向按键做一个贪吃蛇\Src\st7735s_gui.c:64: warning 112: function 'LCD_WR_DATA_16Bit' implicit declaration
.\User_examples\2-4-ST7735+五向按键做一个贪吃蛇\Src\st7735s_gui.c:63: error 101: too many parameters 
.\User_examples\2-4-ST7735+五向按键做一个贪吃蛇\Src\st7735s_gui.c:64: error 101: too many parameters 
.\User_examples\2-4-ST7735+五向按键做一个贪吃蛇\Src\st7735s_gui.c:64: warning 85: in function GUI_DrawPoint unreferenced function argument : 'x'
.\User_examples\2-4-ST7735+五向按键做一个贪吃蛇\Src\st7735s_gui.c:64: warning 85: in function GUI_DrawPoint unreferenced function argument : 'y'
.\User_examples\2-4-ST7735+五向按键做一个贪吃蛇\Src\st7735s_gui.c:64: warning 85: in function GUI_DrawPoint unreferenced function argument : 'color'
.\User_examples\2-4-ST7735+五向按键做一个贪吃蛇\Src\st7735s_gui.c:87: warning 112: function 'LCD_WR_DATA_16Bit' implicit declaration
.\User_examples\2-4-ST7735+五向按键做一个贪吃蛇\Src\st7735s_gui.c:87: error 101: too many parameters 
.\User_examples\2-4-ST7735+五向按键做一个贪吃蛇\Src\st7735s_gui.c:89: warning 85: in function LCD_Fill unreferenced local variable : 'j'
.\User_examples\2-4-ST7735+五向按键做一个贪吃蛇\Src\st7735s_gui.c:89: warning 85: in function LCD_Fill unreferenced function argument : 'color'
.\User_examples\2-4-ST7735+五向按键做一个贪吃蛇\Src\st7735s_gui.c:122: warning 112: function 'LCD_DrawPoint' implicit declaration
.\User_examples\2-4-ST7735+五向按键做一个贪吃蛇\Src\st7735s_gui.c:122: error 101: too many parameters 
.\User_examples\2-4-ST7735+五向按键做一个贪吃蛇\Src\st7735s_gui.c:405: warning 112: function 'LCD_WR_DATA_16Bit' implicit declaration
.\User_examples\2-4-ST7735+五向按键做一个贪吃蛇\Src\st7735s_gui.c:406: warning 112: function 'LCD_WR_DATA_16Bit' implicit declaration
.\User_examples\2-4-ST7735+五向按键做一个贪吃蛇\Src\st7735s_gui.c:421: warning 112: function 'LCD_DrawPoint' implicit declaration
.\User_examples\2-4-ST7735+五向按键做一个贪吃蛇\Src\st7735s_gui.c:405: error 101: too many parameters 
.\User_examples\2-4-ST7735+五向按键做一个贪吃蛇\Src\st7735s_gui.c:406: error 101: too many parameters 
.\User_examples\2-4-ST7735+五向按键做一个贪吃蛇\Src\st7735s_gui.c:421: error 101: too many parameters 
.\User_examples\2-4-ST7735+五向按键做一个贪吃蛇\Src\st7735s_gui.c:427: warning 85: in function LCD_ShowChar unreferenced function argument : 'bc'
.\User_examples\2-4-ST7735+五向按键做一个贪吃蛇\Src\st7735s_gui.c:530: warning 112: function 'LCD_WR_DATA_16Bit' implicit declaration
.\User_examples\2-4-ST7735+五向按键做一个贪吃蛇\Src\st7735s_gui.c:531: warning 112: function 'LCD_WR_DATA_16Bit' implicit declaration
.\User_examples\2-4-ST7735+五向按键做一个贪吃蛇\Src\st7735s_gui.c:536: warning 112: function 'LCD_DrawPoint' implicit declaration
.\User_examples\2-4-ST7735+五向按键做一个贪吃蛇\Src\st7735s_gui.c:530: error 101: too many parameters 
.\User_examples\2-4-ST7735+五向按键做一个贪吃蛇\Src\st7735s_gui.c:531: error 101: too many parameters 
.\User_examples\2-4-ST7735+五向按键做一个贪吃蛇\Src\st7735s_gui.c:536: error 101: too many parameters 
.\User_examples\2-4-ST7735+五向按键做一个贪吃蛇\Src\st7735s_gui.c:555: warning 85: in function GUI_DrawFont16 unreferenced function argument : 'bc'
.\User_examples\2-4-ST7735+五向按键做一个贪吃蛇\Src\st7735s_gui.c:588: warning 112: function 'LCD_WR_DATA_16Bit' implicit declaration
.\User_examples\2-4-ST7735+五向按键做一个贪吃蛇\Src\st7735s_gui.c:589: warning 112: function 'LCD_WR_DATA_16Bit' implicit declaration
.\User_examples\2-4-ST7735+五向按键做一个贪吃蛇\Src\st7735s_gui.c:594: warning 112: function 'LCD_DrawPoint' implicit declaration
.\User_examples\2-4-ST7735+五向按键做一个贪吃蛇\Src\st7735s_gui.c:588: error 101: too many parameters 
.\User_examples\2-4-ST7735+五向按键做一个贪吃蛇\Src\st7735s_gui.c:589: error 101: too many parameters 
.\User_examples\2-4-ST7735+五向按键做一个贪吃蛇\Src\st7735s_gui.c:594: error 101: too many parameters 
.\User_examples\2-4-ST7735+五向按键做一个贪吃蛇\Src\st7735s_gui.c:611: warning 85: in function GUI_DrawFont24 unreferenced function argument : 'bc'
.\User_examples\2-4-ST7735+五向按键做一个贪吃蛇\Src\st7735s_gui.c:643: warning 112: function 'LCD_WR_DATA_16Bit' implicit declaration
.\User_examples\2-4-ST7735+五向按键做一个贪吃蛇\Src\st7735s_gui.c:644: warning 112: function 'LCD_WR_DATA_16Bit' implicit declaration
.\User_examples\2-4-ST7735+五向按键做一个贪吃蛇\Src\st7735s_gui.c:649: warning 112: function 'LCD_DrawPoint' implicit declaration
.\User_examples\2-4-ST7735+五向按键做一个贪吃蛇\Src\st7735s_gui.c:643: error 101: too many parameters 
.\User_examples\2-4-ST7735+五向按键做一个贪吃蛇\Src\st7735s_gui.c:644: error 101: too many parameters 
.\User_examples\2-4-ST7735+五向按键做一个贪吃蛇\Src\st7735s_gui.c:649: error 101: too many parameters 
.\User_examples\2-4-ST7735+五向按键做一个贪吃蛇\Src\st7735s_gui.c:666: warning 85: in function GUI_DrawFont32 unreferenced function argument : 'bc'
.\User_examples\2-4-ST7735+五向按键做一个贪吃蛇\Src\st7735s_gui.c:773: warning 112: function 'LCD_WR_DATA_16Bit' implicit declaration
.\User_examples\2-4-ST7735+五向按键做一个贪吃蛇\Src\st7735s_gui.c:773: error 101: too many parameters

[2021-12-26 21:39:21]	compilation failed at : "e:\CanDelete\WCH_8051_projs\CH557_APPS\User_examples\2-4-ST7735+五向按键做一个贪吃蛇\Src\st7735s_gui.c", exit code: 1
  at unify_builder.Program.Main (System.String[] args) [0x015d9] in <1a6542a3afb24227bcc008420103c187>:0 
---
.\User_examples\2-4-ST7735+五向按键做一个贪吃蛇\Src\st7735s_gui.c:122: warning 112: function 'LCD_DrawPoint' implicit declaration
.\User_examples\2-4-ST7735+五向按键做一个贪吃蛇\Src\st7735s_gui.c:122: error 101: too many parameters 
.\User_examples\2-4-ST7735+五向按键做一个贪吃蛇\Src\st7735s_gui.c:421: warning 112: function 'LCD_DrawPoint' implicit declaration
.\User_examples\2-4-ST7735+五向按键做一个贪吃蛇\Src\st7735s_gui.c:421: error 101: too many parameters 
.\User_examples\2-4-ST7735+五向按键做一个贪吃蛇\Src\st7735s_gui.c:536: warning 112: function 'LCD_DrawPoint' implicit declaration
.\User_examples\2-4-ST7735+五向按键做一个贪吃蛇\Src\st7735s_gui.c:536: error 101: too many parameters 
.\User_examples\2-4-ST7735+五向按键做一个贪吃蛇\Src\st7735s_gui.c:594: warning 112: function 'LCD_DrawPoint' implicit declaration
.\User_examples\2-4-ST7735+五向按键做一个贪吃蛇\Src\st7735s_gui.c:594: error 101: too many parameters 
.\User_examples\2-4-ST7735+五向按键做一个贪吃蛇\Src\st7735s_gui.c:649: warning 112: function 'LCD_DrawPoint' implicit declaration
.\User_examples\2-4-ST7735+五向按键做一个贪吃蛇\Src\st7735s_gui.c:649: error 101: too many parameters

[2021-12-26 21:39:43]	compilation failed at : "e:\CanDelete\WCH_8051_projs\CH557_APPS\User_examples\2-4-ST7735+五向按键做一个贪吃蛇\Src\st7735s_gui.c", exit code: 1
  at unify_builder.Program.Main (System.String[] args) [0x015d9] in <1a6542a3afb24227bcc008420103c187>:0 
---
.\User_examples\2-4-ST7735+五向按键做一个贪吃蛇\Src\/../Inc/st7735s_096_font.h:220: error 69: struct/union/array 'tfont16': initialization needs curly braces
.\User_examples\2-4-ST7735+五向按键做一个贪吃蛇\Src\/../Inc/st7735s_096_font.h:359: error 69: struct/union/array 'tfont24': initialization needs curly braces
.\User_examples\2-4-ST7735+五向按键做一个贪吃蛇\Src\/../Inc/st7735s_096_font.h:405: error 69: struct/union/array 'tfont32': initialization needs curly braces

[2021-12-26 21:48:23]	link failed !, exit code: 1
  at unify_builder.Program.Main (System.String[] args) [0x0177c] in <1a6542a3afb24227bcc008420103c187>:0 
---
?ASlink-Error-Could not get 38 consecutive bytes in internal RAM for area DSEG.
?ASlink-Error-Could not get 328 consecutive bytes in internal RAM for area DSEG.


[2021-12-26 21:52:38]	link failed !, exit code: 1
  at unify_builder.Program.Main (System.String[] args) [0x0177c] in <1a6542a3afb24227bcc008420103c187>:0 
---
?ASlink-Error-Could not get 38 consecutive bytes in internal RAM for area DSEG.
?ASlink-Error-Could not get 328 consecutive bytes in internal RAM for area DSEG.


[2021-12-26 21:52:43]	link failed !, exit code: 1
  at unify_builder.Program.Main (System.String[] args) [0x0177c] in <1a6542a3afb24227bcc008420103c187>:0 
---
?ASlink-Error-Could not get 38 consecutive bytes in internal RAM for area DSEG.
?ASlink-Error-Could not get 328 consecutive bytes in internal RAM for area DSEG.


[2021-12-26 21:58:09]	link failed !, exit code: 1
  at unify_builder.Program.Main (System.String[] args) [0x0177c] in <1a6542a3afb24227bcc008420103c187>:0 
---
?ASlink-Warning-Conflicting sdcc options:
   "-mmcs51 --model-large" in module "main" and
   "-mmcs51 --model-small" in module "_modulong".
?ASlink-Warning-Conflicting sdcc options:
   "-mmcs51 --model-large" in module "main" and
   "-mmcs51 --model-small" in module "_divulong".
?ASlink-Warning-Conflicting sdcc options:
   "-mmcs51 --model-large" in module "main" and
   "-mmcs51 --model-small" in module "_gptrput".
?ASlink-Warning-Conflicting sdcc options:
   "-mmcs51 --model-large" in module "main" and
   "-mmcs51 --model-small" in module "_mulint".
?ASlink-Warning-Conflicting sdcc options:
   "-mmcs51 --model-large" in module "main" and
   "-mmcs51 --model-small" in module "_mullong".
?ASlink-Warning-Conflicting sdcc options:
   "-mmcs51 --model-large" in module "main" and
   "-mmcs51 --model-small" in module "_divuint".
?ASlink-Warning-Conflicting sdcc options:
   "-mmcs51 --model-large" in module "main" and
   "-mmcs51 --model-small" in module "_divslong".
?ASlink-Warning-Conflicting sdcc options:
   "-mmcs51 --model-large" in module "main" and
   "-mmcs51 --model-small" in module "_strlen".
?ASlink-Warning-Conflicting sdcc options:
   "-mmcs51 --model-large" in module "main" and
   "-mmcs51 --model-small" in module "_gptrget".
?ASlink-Warning-Conflicting sdcc options:
   "-mmcs51 --model-large" in module "main" and
   "-mmcs51 --model-small" in module "_divsint".
?ASlink-Warning-Conflicting sdcc options:
   "-mmcs51 --model-large" in module "main" and
   "-mmcs51 --model-small" in module "_startup".
?ASlink-Error-Could not get 214 consecutive bytes in internal RAM for area DSEG.


[2021-12-26 21:58:35]	link failed !, exit code: 1
  at unify_builder.Program.Main (System.String[] args) [0x0177c] in <1a6542a3afb24227bcc008420103c187>:0 
---
?ASlink-Warning-Conflicting sdcc options:
   "-mmcs51 --model-large" in module "main" and
   "-mmcs51 --model-small" in module "_modulong".
?ASlink-Warning-Conflicting sdcc options:
   "-mmcs51 --model-large" in module "main" and
   "-mmcs51 --model-small" in module "_divulong".
?ASlink-Warning-Conflicting sdcc options:
   "-mmcs51 --model-large" in module "main" and
   "-mmcs51 --model-small" in module "_gptrput".
?ASlink-Warning-Conflicting sdcc options:
   "-mmcs51 --model-large" in module "main" and
   "-mmcs51 --model-small" in module "_mulint".
?ASlink-Warning-Conflicting sdcc options:
   "-mmcs51 --model-large" in module "main" and
   "-mmcs51 --model-small" in module "_mullong".
?ASlink-Warning-Conflicting sdcc options:
   "-mmcs51 --model-large" in module "main" and
   "-mmcs51 --model-small" in module "_divuint".
?ASlink-Warning-Conflicting sdcc options:
   "-mmcs51 --model-large" in module "main" and
   "-mmcs51 --model-small" in module "_divslong".
?ASlink-Warning-Conflicting sdcc options:
   "-mmcs51 --model-large" in module "main" and
   "-mmcs51 --model-small" in module "_strlen".
?ASlink-Warning-Conflicting sdcc options:
   "-mmcs51 --model-large" in module "main" and
   "-mmcs51 --model-small" in module "_gptrget".
?ASlink-Warning-Conflicting sdcc options:
   "-mmcs51 --model-large" in module "main" and
   "-mmcs51 --model-small" in module "_divsint".
?ASlink-Warning-Conflicting sdcc options:
   "-mmcs51 --model-large" in module "main" and
   "-mmcs51 --model-small" in module "_startup".
?ASlink-Error-Could not get 214 consecutive bytes in internal RAM for area DSEG.


[2021-12-26 21:58:52]	link failed !, exit code: 1
  at unify_builder.Program.Main (System.String[] args) [0x0177c] in <1a6542a3afb24227bcc008420103c187>:0 
---
?ASlink-Warning-Conflicting sdcc options:
   "-mmcs51 --model-medium" in module "main" and
   "-mmcs51 --model-small" in module "_modulong".
?ASlink-Warning-Conflicting sdcc options:
   "-mmcs51 --model-medium" in module "main" and
   "-mmcs51 --model-small" in module "_divulong".
?ASlink-Warning-Conflicting sdcc options:
   "-mmcs51 --model-medium" in module "main" and
   "-mmcs51 --model-small" in module "_gptrput".
?ASlink-Warning-Conflicting sdcc options:
   "-mmcs51 --model-medium" in module "main" and
   "-mmcs51 --model-small" in module "_mulint".
?ASlink-Warning-Conflicting sdcc options:
   "-mmcs51 --model-medium" in module "main" and
   "-mmcs51 --model-small" in module "_mullong".
?ASlink-Warning-Conflicting sdcc options:
   "-mmcs51 --model-medium" in module "main" and
   "-mmcs51 --model-small" in module "_divuint".
?ASlink-Warning-Conflicting sdcc options:
   "-mmcs51 --model-medium" in module "main" and
   "-mmcs51 --model-small" in module "_divslong".
?ASlink-Warning-Conflicting sdcc options:
   "-mmcs51 --model-medium" in module "main" and
   "-mmcs51 --model-small" in module "_strlen".
?ASlink-Warning-Conflicting sdcc options:
   "-mmcs51 --model-medium" in module "main" and
   "-mmcs51 --model-small" in module "_gptrget".
?ASlink-Warning-Conflicting sdcc options:
   "-mmcs51 --model-medium" in module "main" and
   "-mmcs51 --model-small" in module "_divsint".
?ASlink-Warning-Conflicting sdcc options:
   "-mmcs51 --model-medium" in module "main" and
   "-mmcs51 --model-small" in module "_startup".
?ASlink-Warning-Paged Area PSEG Length Error
?ASlink-Warning-Paged Area PSEG Boundary Error


[2021-12-26 22:01:35]	link failed !, exit code: 1
  at unify_builder.Program.Main (System.String[] args) [0x0177c] in <1a6542a3afb24227bcc008420103c187>:0 
---
?ASlink-Warning-Conflicting sdcc options:
   "-mmcs51 --model-medium" in module "main" and
   "-mmcs51 --model-small" in module "_modulong".
?ASlink-Warning-Conflicting sdcc options:
   "-mmcs51 --model-medium" in module "main" and
   "-mmcs51 --model-small" in module "_divulong".
?ASlink-Warning-Conflicting sdcc options:
   "-mmcs51 --model-medium" in module "main" and
   "-mmcs51 --model-small" in module "_gptrput".
?ASlink-Warning-Conflicting sdcc options:
   "-mmcs51 --model-medium" in module "main" and
   "-mmcs51 --model-small" in module "_mulint".
?ASlink-Warning-Conflicting sdcc options:
   "-mmcs51 --model-medium" in module "main" and
   "-mmcs51 --model-small" in module "_mullong".
?ASlink-Warning-Conflicting sdcc options:
   "-mmcs51 --model-medium" in module "main" and
   "-mmcs51 --model-small" in module "_divuint".
?ASlink-Warning-Conflicting sdcc options:
   "-mmcs51 --model-medium" in module "main" and
   "-mmcs51 --model-small" in module "_divslong".
?ASlink-Warning-Conflicting sdcc options:
   "-mmcs51 --model-medium" in module "main" and
   "-mmcs51 --model-small" in module "_strlen".
?ASlink-Warning-Conflicting sdcc options:
   "-mmcs51 --model-medium" in module "main" and
   "-mmcs51 --model-small" in module "_gptrget".
?ASlink-Warning-Conflicting sdcc options:
   "-mmcs51 --model-medium" in module "main" and
   "-mmcs51 --model-small" in module "_divsint".
?ASlink-Warning-Conflicting sdcc options:
   "-mmcs51 --model-medium" in module "main" and
   "-mmcs51 --model-small" in module "_startup".
?ASlink-Warning-Paged Area PSEG Length Error
?ASlink-Warning-Paged Area PSEG Boundary Error


[2021-12-26 22:07:58]	link failed !, exit code: 1
  at unify_builder.Program.Main (System.String[] args) [0x017a6] in <8a414aa691234a75ab094dbffcdc2db6>:0 
---
?ASlink-Warning-Conflicting sdcc options:
   "-mmcs51 --model-medium" in module "main" and
   "-mmcs51 --model-small" in module "_modulong".
?ASlink-Warning-Conflicting sdcc options:
   "-mmcs51 --model-medium" in module "main" and
   "-mmcs51 --model-small" in module "_divulong".
?ASlink-Warning-Conflicting sdcc options:
   "-mmcs51 --model-medium" in module "main" and
   "-mmcs51 --model-small" in module "_gptrput".
?ASlink-Warning-Conflicting sdcc options:
   "-mmcs51 --model-medium" in module "main" and
   "-mmcs51 --model-small" in module "_mulint".
?ASlink-Warning-Conflicting sdcc options:
   "-mmcs51 --model-medium" in module "main" and
   "-mmcs51 --model-small" in module "_mullong".
?ASlink-Warning-Conflicting sdcc options:
   "-mmcs51 --model-medium" in module "main" and
   "-mmcs51 --model-small" in module "_divuint".
?ASlink-Warning-Conflicting sdcc options:
   "-mmcs51 --model-medium" in module "main" and
   "-mmcs51 --model-small" in module "_divslong".
?ASlink-Warning-Conflicting sdcc options:
   "-mmcs51 --model-medium" in module "main" and
   "-mmcs51 --model-small" in module "_strlen".
?ASlink-Warning-Conflicting sdcc options:
   "-mmcs51 --model-medium" in module "main" and
   "-mmcs51 --model-small" in module "_gptrget".
?ASlink-Warning-Conflicting sdcc options:
   "-mmcs51 --model-medium" in module "main" and
   "-mmcs51 --model-small" in module "_divsint".
?ASlink-Warning-Conflicting sdcc options:
   "-mmcs51 --model-medium" in module "main" and
   "-mmcs51 --model-small" in module "_startup".
?ASlink-Warning-Paged Area PSEG Length Error
?ASlink-Warning-Paged Area PSEG Boundary Error


[2021-12-26 22:08:09]	link failed !, exit code: 1
  at unify_builder.Program.Main (System.String[] args) [0x017a6] in <8a414aa691234a75ab094dbffcdc2db6>:0 
---
?ASlink-Error-Could not get 38 consecutive bytes in internal RAM for area DSEG.
?ASlink-Error-Could not get 328 consecutive bytes in internal RAM for area DSEG.


[2021-12-26 22:08:39]	link failed !, exit code: 1
  at unify_builder.Program.Main (System.String[] args) [0x017a6] in <8a414aa691234a75ab094dbffcdc2db6>:0 
---
?ASlink-Warning-Conflicting sdcc options:
   "-mmcs51 --model-medium" in module "main" and
   "-mmcs51 --model-small" in module "_modulong".
?ASlink-Warning-Conflicting sdcc options:
   "-mmcs51 --model-medium" in module "main" and
   "-mmcs51 --model-small" in module "_divulong".
?ASlink-Warning-Conflicting sdcc options:
   "-mmcs51 --model-medium" in module "main" and
   "-mmcs51 --model-small" in module "_gptrput".
?ASlink-Warning-Conflicting sdcc options:
   "-mmcs51 --model-medium" in module "main" and
   "-mmcs51 --model-small" in module "_mulint".
?ASlink-Warning-Conflicting sdcc options:
   "-mmcs51 --model-medium" in module "main" and
   "-mmcs51 --model-small" in module "_mullong".
?ASlink-Warning-Conflicting sdcc options:
   "-mmcs51 --model-medium" in module "main" and
   "-mmcs51 --model-small" in module "_divuint".
?ASlink-Warning-Conflicting sdcc options:
   "-mmcs51 --model-medium" in module "main" and
   "-mmcs51 --model-small" in module "_divslong".
?ASlink-Warning-Conflicting sdcc options:
   "-mmcs51 --model-medium" in module "main" and
   "-mmcs51 --model-small" in module "_strlen".
?ASlink-Warning-Conflicting sdcc options:
   "-mmcs51 --model-medium" in module "main" and
   "-mmcs51 --model-small" in module "_gptrget".
?ASlink-Warning-Conflicting sdcc options:
   "-mmcs51 --model-medium" in module "main" and
   "-mmcs51 --model-small" in module "_divsint".
?ASlink-Warning-Conflicting sdcc options:
   "-mmcs51 --model-medium" in module "main" and
   "-mmcs51 --model-small" in module "_startup".
?ASlink-Warning-Paged Area PSEG Length Error
?ASlink-Warning-Paged Area PSEG Boundary Error


[2021-12-26 22:09:45]	link failed !, exit code: 1
  at unify_builder.Program.Main (System.String[] args) [0x017a6] in <8a414aa691234a75ab094dbffcdc2db6>:0 
---
?ASlink-Warning-Paged Area PSEG Length Error
?ASlink-Warning-Paged Area PSEG Boundary Error


[2021-12-26 22:09:54]	link failed !, exit code: 1
  at unify_builder.Program.Main (System.String[] args) [0x017a6] in <8a414aa691234a75ab094dbffcdc2db6>:0 
---
?ASlink-Warning-Conflicting sdcc options:
   "-mmcs51 --model-medium" in module "main" and
   "-mmcs51 --model-small" in module "_modulong".
?ASlink-Warning-Conflicting sdcc options:
   "-mmcs51 --model-medium" in module "main" and
   "-mmcs51 --model-small" in module "_divulong".
?ASlink-Warning-Conflicting sdcc options:
   "-mmcs51 --model-medium" in module "main" and
   "-mmcs51 --model-small" in module "_gptrput".
?ASlink-Warning-Conflicting sdcc options:
   "-mmcs51 --model-medium" in module "main" and
   "-mmcs51 --model-small" in module "_mulint".
?ASlink-Warning-Conflicting sdcc options:
   "-mmcs51 --model-medium" in module "main" and
   "-mmcs51 --model-small" in module "_mullong".
?ASlink-Warning-Conflicting sdcc options:
   "-mmcs51 --model-medium" in module "main" and
   "-mmcs51 --model-small" in module "_divuint".
?ASlink-Warning-Conflicting sdcc options:
   "-mmcs51 --model-medium" in module "main" and
   "-mmcs51 --model-small" in module "_divslong".
?ASlink-Warning-Conflicting sdcc options:
   "-mmcs51 --model-medium" in module "main" and
   "-mmcs51 --model-small" in module "_strlen".
?ASlink-Warning-Conflicting sdcc options:
   "-mmcs51 --model-medium" in module "main" and
   "-mmcs51 --model-small" in module "_gptrget".
?ASlink-Warning-Conflicting sdcc options:
   "-mmcs51 --model-medium" in module "main" and
   "-mmcs51 --model-small" in module "_divsint".
?ASlink-Warning-Conflicting sdcc options:
   "-mmcs51 --model-medium" in module "main" and
   "-mmcs51 --model-small" in module "_startup".
?ASlink-Warning-Paged Area PSEG Length Error
?ASlink-Warning-Paged Area PSEG Boundary Error


[2021-12-26 22:10:00]	link failed !, exit code: 1
  at unify_builder.Program.Main (System.String[] args) [0x017a6] in <8a414aa691234a75ab094dbffcdc2db6>:0 
---
?ASlink-Warning-Conflicting sdcc options:
   "-mmcs51 --model-medium" in module "main" and
   "-mmcs51 --model-small" in module "_modulong".
?ASlink-Warning-Conflicting sdcc options:
   "-mmcs51 --model-medium" in module "main" and
   "-mmcs51 --model-small" in module "_divulong".
?ASlink-Warning-Conflicting sdcc options:
   "-mmcs51 --model-medium" in module "main" and
   "-mmcs51 --model-small" in module "_gptrput".
?ASlink-Warning-Conflicting sdcc options:
   "-mmcs51 --model-medium" in module "main" and
   "-mmcs51 --model-small" in module "_mulint".
?ASlink-Warning-Conflicting sdcc options:
   "-mmcs51 --model-medium" in module "main" and
   "-mmcs51 --model-small" in module "_mullong".
?ASlink-Warning-Conflicting sdcc options:
   "-mmcs51 --model-medium" in module "main" and
   "-mmcs51 --model-small" in module "_divuint".
?ASlink-Warning-Conflicting sdcc options:
   "-mmcs51 --model-medium" in module "main" and
   "-mmcs51 --model-small" in module "_divslong".
?ASlink-Warning-Conflicting sdcc options:
   "-mmcs51 --model-medium" in module "main" and
   "-mmcs51 --model-small" in module "_strlen".
?ASlink-Warning-Conflicting sdcc options:
   "-mmcs51 --model-medium" in module "main" and
   "-mmcs51 --model-small" in module "_gptrget".
?ASlink-Warning-Conflicting sdcc options:
   "-mmcs51 --model-medium" in module "main" and
   "-mmcs51 --model-small" in module "_divsint".
?ASlink-Warning-Conflicting sdcc options:
   "-mmcs51 --model-medium" in module "main" and
   "-mmcs51 --model-small" in module "_startup".
?ASlink-Warning-Paged Area PSEG Length Error
?ASlink-Warning-Paged Area PSEG Boundary Error


[2021-12-26 22:13:46]	link failed !, exit code: 1
  at unify_builder.Program.Main (System.String[] args) [0x017a6] in <8a414aa691234a75ab094dbffcdc2db6>:0 
---
?ASlink-Warning-Paged Area PSEG Length Error
?ASlink-Warning-Paged Area PSEG Boundary Error


[2021-12-26 22:15:21]	link failed !, exit code: 1
  at unify_builder.Program.Main (System.String[] args) [0x017a6] in <8a414aa691234a75ab094dbffcdc2db6>:0 
---
?ASlink-Warning-Conflicting sdcc options:
   "-mmcs51 --model-small" in module "main" and
   "-mmcs51 --model-medium" in module "_modulong".
?ASlink-Warning-Conflicting sdcc options:
   "-mmcs51 --model-small" in module "main" and
   "-mmcs51 --model-medium" in module "_divslong".
?ASlink-Warning-Conflicting sdcc options:
   "-mmcs51 --model-small" in module "main" and
   "-mmcs51 --model-medium" in module "_divulong".
?ASlink-Warning-Conflicting sdcc options:
   "-mmcs51 --model-small" in module "main" and
   "-mmcs51 --model-medium" in module "_gptrput".
?ASlink-Warning-Conflicting sdcc options:
   "-mmcs51 --model-small" in module "main" and
   "-mmcs51 --model-medium" in module "_mulint".
?ASlink-Warning-Conflicting sdcc options:
   "-mmcs51 --model-small" in module "main" and
   "-mmcs51 --model-medium" in module "_mullong".
?ASlink-Warning-Conflicting sdcc options:
   "-mmcs51 --model-small" in module "main" and
   "-mmcs51 --model-medium" in module "_divsint".
?ASlink-Warning-Conflicting sdcc options:
   "-mmcs51 --model-small" in module "main" and
   "-mmcs51 --model-medium" in module "_divuint".
?ASlink-Warning-Conflicting sdcc options:
   "-mmcs51 --model-small" in module "main" and
   "-mmcs51 --model-medium" in module "_strlen".
?ASlink-Warning-Conflicting sdcc options:
   "-mmcs51 --model-small" in module "main" and
   "-mmcs51 --model-medium" in module "_gptrget".
?ASlink-Warning-Conflicting sdcc options:
   "-mmcs51 --model-small" in module "main" and
   "-mmcs51 --model-medium" in module "_startup".
?ASlink-Error-Could not get 38 consecutive bytes in internal RAM for area DSEG.
?ASlink-Error-Could not get 328 consecutive bytes in internal RAM for area DSEG.


[2021-12-26 22:15:42]	link failed !, exit code: 1
  at unify_builder.Program.Main (System.String[] args) [0x017a6] in <8a414aa691234a75ab094dbffcdc2db6>:0 
---
?ASlink-Warning-Conflicting sdcc options:
   "-mmcs51 --model-small" in module "main" and
   "-mmcs51 --model-large" in module "_modulong".
?ASlink-Warning-Conflicting sdcc options:
   "-mmcs51 --model-small" in module "main" and
   "-mmcs51 --model-large" in module "_divslong".
?ASlink-Warning-Conflicting sdcc options:
   "-mmcs51 --model-small" in module "main" and
   "-mmcs51 --model-large" in module "_divulong".
?ASlink-Warning-Conflicting sdcc options:
   "-mmcs51 --model-small" in module "main" and
   "-mmcs51 --model-large" in module "_gptrput".
?ASlink-Warning-Conflicting sdcc options:
   "-mmcs51 --model-small" in module "main" and
   "-mmcs51 --model-large" in module "_mulint".
?ASlink-Warning-Conflicting sdcc options:
   "-mmcs51 --model-small" in module "main" and
   "-mmcs51 --model-large" in module "_mullong".
?ASlink-Warning-Conflicting sdcc options:
   "-mmcs51 --model-small" in module "main" and
   "-mmcs51 --model-large" in module "_divsint".
?ASlink-Warning-Conflicting sdcc options:
   "-mmcs51 --model-small" in module "main" and
   "-mmcs51 --model-large" in module "_divuint".
?ASlink-Warning-Conflicting sdcc options:
   "-mmcs51 --model-small" in module "main" and
   "-mmcs51 --model-large" in module "_strlen".
?ASlink-Warning-Conflicting sdcc options:
   "-mmcs51 --model-small" in module "main" and
   "-mmcs51 --model-large" in module "_gptrget".
?ASlink-Warning-Conflicting sdcc options:
   "-mmcs51 --model-small" in module "main" and
   "-mmcs51 --model-large" in module "_startup".
?ASlink-Error-Could not get 38 consecutive bytes in internal RAM for area DSEG.
?ASlink-Error-Could not get 328 consecutive bytes in internal RAM for area DSEG.


[2021-12-26 22:15:50]	link failed !, exit code: 1
  at unify_builder.Program.Main (System.String[] args) [0x017a6] in <8a414aa691234a75ab094dbffcdc2db6>:0 
---
?ASlink-Error-Could not get 214 consecutive bytes in internal RAM for area DSEG.


[2021-12-26 22:16:08]	link failed !, exit code: 1
  at unify_builder.Program.Main (System.String[] args) [0x017a6] in <8a414aa691234a75ab094dbffcdc2db6>:0 
---
?ASlink-Error-Could not get 214 consecutive bytes in internal RAM for area DSEG.


[2021-12-26 22:16:23]	link failed !, exit code: 1
  at unify_builder.Program.Main (System.String[] args) [0x017a6] in <8a414aa691234a75ab094dbffcdc2db6>:0 
---
?ASlink-Error-Could not get 214 consecutive bytes in internal RAM for area DSEG.


[2021-12-26 22:16:56]	link failed !, exit code: 1
  at unify_builder.Program.Main (System.String[] args) [0x017a6] in <8a414aa691234a75ab094dbffcdc2db6>:0 
---
?ASlink-Error-Could not get 214 consecutive bytes in internal RAM for area DSEG.


[2021-12-26 22:17:51]	link failed !, exit code: 1
  at unify_builder.Program.Main (System.String[] args) [0x017a6] in <8a414aa691234a75ab094dbffcdc2db6>:0 
---
?ASlink-Error-Could not get 214 consecutive bytes in internal RAM for area DSEG.


[2021-12-26 22:19:17]	[done]
	build successfully !

[2021-12-26 22:57:52]	[done]
	build successfully !

[2021-12-26 22:57:59]	[done]
	build successfully !

[2021-12-26 23:00:00]	[done]
	build successfully !

[2021-12-26 23:04:26]	[done]
	build successfully !

[2021-12-26 23:07:52]	[done]
	build successfully !

[2021-12-26 23:08:16]	[done]
	build successfully !

[2021-12-26 23:09:02]	[done]
	build successfully !

[2021-12-26 23:10:16]	[done]
	build successfully !

[2021-12-26 23:10:27]	[done]
	build successfully !

[2021-12-26 23:10:36]	[done]
	build successfully !

[2021-12-26 23:10:55]	[done]
	build successfully !

[2021-12-26 23:12:03]	compilation failed at : "e:\CanDelete\WCH_8051_projs\CH557_APPS\User_examples\2-4-ST7735+五向按键做一个贪吃蛇\Src\Gluttonous_Snake.c", exit code: 1
  at unify_builder.Program.Main (System.String[] args) [0x01603] in <8a414aa691234a75ab094dbffcdc2db6>:0 
---
.\User_examples\2-4-ST7735+五向按键做一个贪吃蛇\Src\Gluttonous_Snake.c:15: warning 112: function 'LCD_Fill' implicit declaration
.\User_examples\2-4-ST7735+五向按键做一个贪吃蛇\Src\Gluttonous_Snake.c:15: error 101: too many parameters

[2021-12-26 23:12:10]	compilation failed at : "e:\CanDelete\WCH_8051_projs\CH557_APPS\User_examples\2-4-ST7735+五向按键做一个贪吃蛇\Src\main.c", exit code: 1
  at unify_builder.Program.Main (System.String[] args) [0x01603] in <8a414aa691234a75ab094dbffcdc2db6>:0 
---
.\User_examples\2-4-ST7735+五向按键做一个贪吃蛇\Src\main.c:16: warning 112: function 'LCD_Fill' implicit declaration
.\User_examples\2-4-ST7735+五向按键做一个贪吃蛇\Src\main.c:18: warning 112: function 'LCD_Fill' implicit declaration
.\User_examples\2-4-ST7735+五向按键做一个贪吃蛇\Src\main.c:16: error 101: too many parameters 
.\User_examples\2-4-ST7735+五向按键做一个贪吃蛇\Src\main.c:18: error 101: too many parameters

[2021-12-26 23:12:20]	[done]
	build successfully !

[2021-12-26 23:12:28]	[done]
	build successfully !

[2021-12-26 23:13:04]	[done]
	build successfully !

[2021-12-26 23:14:26]	[done]
	build successfully !

[2021-12-26 23:16:00]	[done]
	build successfully !

[2021-12-26 23:16:12]	[done]
	build successfully !

[2021-12-26 23:21:51]	[done]
	build successfully !

[2021-12-26 23:33:49]	[done]
	build successfully !

[2021-12-26 23:34:22]	[done]
	build successfully !

[2021-12-26 23:43:20]	[done]
	build successfully !

